[2019-10-16 23:19:26.229] [renderer1] [error] <semantic> TypeScript Server Error (3.6.3)
Debug Failure.
Error: Debug Failure.
    at Object.assertDefined (tsserver.js:2101:24)
    at getRangeToExtract (tsserver.js:122874:43)
    at Object.getAvailableActions (tsserver.js:122838:28)
    at tsserver.js:115901:128
    at getIterator (tsserver.js:637:23)
    at Object.next (tsserver.js:632:35)
    at Object.arrayFrom (tsserver.js:1276:88)
    at Object.getApplicableRefactors (tsserver.js:115900:23)
    at Object.getApplicableRefactors (tsserver.js:126101:32)
    at IOSession.Session.getApplicableRefactors (tsserver.js:135013:53)
    at Session.handlers.ts.createMapFromTemplate._a.(anonymous function) (tsserver.js:133868:61)
    at tsserver.js:135256:88
    at IOSession.Session.executeWithRequestId (tsserver.js:135247:28)
    at IOSession.Session.executeCommand (tsserver.js:135256:33)
    at IOSession.Session.onMessage (tsserver.js:135279:35)
    at Interface.<anonymous> (tsserver.js:136594:27)
    at Interface.emit (events.js:182:13)
    at Interface._onLine (readline.js:290:10)
    at Interface._normalWrite (readline.js:433:12)
    at Socket.ondata (readline.js:149:10)
    at Socket.emit (events.js:182:13)
    at addChunk (_stream_readable.js:283:12)
    at readableAddChunk (_stream_readable.js:264:11)
    at Socket.Readable.push (_stream_readable.js:219:10)
    at Pipe.onStreamRead [as onread] (internal/stream_base_commons.js:94:17): Error: <semantic> TypeScript Server Error (3.6.3)
Debug Failure.
Error: Debug Failure.
    at Object.assertDefined (tsserver.js:2101:24)
    at getRangeToExtract (tsserver.js:122874:43)
    at Object.getAvailableActions (tsserver.js:122838:28)
    at tsserver.js:115901:128
    at getIterator (tsserver.js:637:23)
    at Object.next (tsserver.js:632:35)
    at Object.arrayFrom (tsserver.js:1276:88)
    at Object.getApplicableRefactors (tsserver.js:115900:23)
    at Object.getApplicableRefactors (tsserver.js:126101:32)
    at IOSession.Session.getApplicableRefactors (tsserver.js:135013:53)
    at Session.handlers.ts.createMapFromTemplate._a.(anonymous function) (tsserver.js:133868:61)
    at tsserver.js:135256:88
    at IOSession.Session.executeWithRequestId (tsserver.js:135247:28)
    at IOSession.Session.executeCommand (tsserver.js:135256:33)
    at IOSession.Session.onMessage (tsserver.js:135279:35)
    at Interface.<anonymous> (tsserver.js:136594:27)
    at Interface.emit (events.js:182:13)
    at Interface._onLine (readline.js:290:10)
    at Interface._normalWrite (readline.js:433:12)
    at Socket.ondata (readline.js:149:10)
    at Socket.emit (events.js:182:13)
    at addChunk (_stream_readable.js:283:12)
    at readableAddChunk (_stream_readable.js:264:11)
    at Socket.Readable.push (_stream_readable.js:219:10)
    at Pipe.onStreamRead [as onread] (internal/stream_base_commons.js:94:17)
	at Function.create (/snap/code/18/usr/share/code/resources/app/extensions/typescript-language-features/dist/extension.js:53:63415)
	at h.dispatchResponse (/snap/code/18/usr/share/code/resources/app/extensions/typescript-language-features/dist/extension.js:53:56570)
	at h.dispatchMessage (/snap/code/18/usr/share/code/resources/app/extensions/typescript-language-features/dist/extension.js:53:55468)
	at _reader.onData.e (/snap/code/18/usr/share/code/resources/app/extensions/typescript-language-features/dist/extension.js:53:54944)
	at l.fire (/snap/code/18/usr/share/code/resources/app/out/vs/workbench/services/extensions/node/extensionHostProcess.js:50:519)
	at t.Reader.onLengthData (/snap/code/18/usr/share/code/resources/app/extensions/typescript-language-features/dist/extension.js:53:61635)
	at Socket.e.on.e (/snap/code/18/usr/share/code/resources/app/extensions/typescript-language-features/dist/extension.js:53:61283)
	at Socket.emit (events.js:182:13)
	at addChunk (_stream_readable.js:283:12)
	at readableAddChunk (_stream_readable.js:264:11)
	at Socket.Readable.push (_stream_readable.js:219:10)
	at Pipe.onStreamRead [as onread] (internal/stream_base_commons.js:94:17)
[2019-10-17 01:31:47.624] [renderer1] [error] <semantic> TypeScript Server Error (3.6.3)
Debug Failure.
Error: Debug Failure.
    at Object.assertDefined (tsserver.js:2101:24)
    at getRangeToExtract (tsserver.js:122874:43)
    at Object.getAvailableActions (tsserver.js:122838:28)
    at tsserver.js:115901:128
    at getIterator (tsserver.js:637:23)
    at Object.next (tsserver.js:632:35)
    at Object.arrayFrom (tsserver.js:1276:40)
    at Object.getApplicableRefactors (tsserver.js:115900:23)
    at Object.getApplicableRefactors (tsserver.js:126101:32)
    at IOSession.Session.getApplicableRefactors (tsserver.js:135013:53)
    at Session.handlers.ts.createMapFromTemplate._a.(anonymous function) (tsserver.js:133868:61)
    at tsserver.js:135256:88
    at IOSession.Session.executeWithRequestId (tsserver.js:135247:28)
    at IOSession.Session.executeCommand (tsserver.js:135256:33)
    at IOSession.Session.onMessage (tsserver.js:135279:35)
    at Interface.<anonymous> (tsserver.js:136594:27)
    at Interface.emit (events.js:182:13)
    at Interface._onLine (readline.js:290:10)
    at Interface._normalWrite (readline.js:433:12)
    at Socket.ondata (readline.js:149:10)
    at Socket.emit (events.js:182:13)
    at addChunk (_stream_readable.js:283:12)
    at readableAddChunk (_stream_readable.js:264:11)
    at Socket.Readable.push (_stream_readable.js:219:10)
    at Pipe.onStreamRead [as onread] (internal/stream_base_commons.js:94:17): Error: <semantic> TypeScript Server Error (3.6.3)
Debug Failure.
Error: Debug Failure.
    at Object.assertDefined (tsserver.js:2101:24)
    at getRangeToExtract (tsserver.js:122874:43)
    at Object.getAvailableActions (tsserver.js:122838:28)
    at tsserver.js:115901:128
    at getIterator (tsserver.js:637:23)
    at Object.next (tsserver.js:632:35)
    at Object.arrayFrom (tsserver.js:1276:40)
    at Object.getApplicableRefactors (tsserver.js:115900:23)
    at Object.getApplicableRefactors (tsserver.js:126101:32)
    at IOSession.Session.getApplicableRefactors (tsserver.js:135013:53)
    at Session.handlers.ts.createMapFromTemplate._a.(anonymous function) (tsserver.js:133868:61)
    at tsserver.js:135256:88
    at IOSession.Session.executeWithRequestId (tsserver.js:135247:28)
    at IOSession.Session.executeCommand (tsserver.js:135256:33)
    at IOSession.Session.onMessage (tsserver.js:135279:35)
    at Interface.<anonymous> (tsserver.js:136594:27)
    at Interface.emit (events.js:182:13)
    at Interface._onLine (readline.js:290:10)
    at Interface._normalWrite (readline.js:433:12)
    at Socket.ondata (readline.js:149:10)
    at Socket.emit (events.js:182:13)
    at addChunk (_stream_readable.js:283:12)
    at readableAddChunk (_stream_readable.js:264:11)
    at Socket.Readable.push (_stream_readable.js:219:10)
    at Pipe.onStreamRead [as onread] (internal/stream_base_commons.js:94:17)
	at Function.create (/snap/code/18/usr/share/code/resources/app/extensions/typescript-language-features/dist/extension.js:53:63415)
	at h.dispatchResponse (/snap/code/18/usr/share/code/resources/app/extensions/typescript-language-features/dist/extension.js:53:56570)
	at h.dispatchMessage (/snap/code/18/usr/share/code/resources/app/extensions/typescript-language-features/dist/extension.js:53:55468)
	at _reader.onData.e (/snap/code/18/usr/share/code/resources/app/extensions/typescript-language-features/dist/extension.js:53:54944)
	at l.fire (/snap/code/18/usr/share/code/resources/app/out/vs/workbench/services/extensions/node/extensionHostProcess.js:50:519)
	at t.Reader.onLengthData (/snap/code/18/usr/share/code/resources/app/extensions/typescript-language-features/dist/extension.js:53:61635)
	at Socket.e.on.e (/snap/code/18/usr/share/code/resources/app/extensions/typescript-language-features/dist/extension.js:53:61283)
	at Socket.emit (events.js:182:13)
	at addChunk (_stream_readable.js:283:12)
	at readableAddChunk (_stream_readable.js:264:11)
	at Socket.Readable.push (_stream_readable.js:219:10)
	at Pipe.onStreamRead [as onread] (internal/stream_base_commons.js:94:17)
[2019-10-17 01:38:34.210] [renderer1] [error] <semantic> TypeScript Server Error (3.6.3)
Debug Failure.
Error: Debug Failure.
    at Object.assertDefined (tsserver.js:2101:24)
    at getRangeToExtract (tsserver.js:122874:43)
    at Object.getAvailableActions (tsserver.js:122838:28)
    at tsserver.js:115901:128
    at getIterator (tsserver.js:637:23)
    at Object.next (tsserver.js:632:35)
    at Object.arrayFrom (tsserver.js:1276:40)
    at Object.getApplicableRefactors (tsserver.js:115900:23)
    at Object.getApplicableRefactors (tsserver.js:126101:32)
    at IOSession.Session.getApplicableRefactors (tsserver.js:135013:53)
    at Session.handlers.ts.createMapFromTemplate._a.(anonymous function) (tsserver.js:133868:61)
    at tsserver.js:135256:88
    at IOSession.Session.executeWithRequestId (tsserver.js:135247:28)
    at IOSession.Session.executeCommand (tsserver.js:135256:33)
    at IOSession.Session.onMessage (tsserver.js:135279:35)
    at Interface.<anonymous> (tsserver.js:136594:27)
    at Interface.emit (events.js:182:13)
    at Interface._onLine (readline.js:290:10)
    at Interface._normalWrite (readline.js:433:12)
    at Socket.ondata (readline.js:149:10)
    at Socket.emit (events.js:182:13)
    at addChunk (_stream_readable.js:283:12)
    at readableAddChunk (_stream_readable.js:264:11)
    at Socket.Readable.push (_stream_readable.js:219:10)
    at Pipe.onStreamRead [as onread] (internal/stream_base_commons.js:94:17): Error: <semantic> TypeScript Server Error (3.6.3)
Debug Failure.
Error: Debug Failure.
    at Object.assertDefined (tsserver.js:2101:24)
    at getRangeToExtract (tsserver.js:122874:43)
    at Object.getAvailableActions (tsserver.js:122838:28)
    at tsserver.js:115901:128
    at getIterator (tsserver.js:637:23)
    at Object.next (tsserver.js:632:35)
    at Object.arrayFrom (tsserver.js:1276:40)
    at Object.getApplicableRefactors (tsserver.js:115900:23)
    at Object.getApplicableRefactors (tsserver.js:126101:32)
    at IOSession.Session.getApplicableRefactors (tsserver.js:135013:53)
    at Session.handlers.ts.createMapFromTemplate._a.(anonymous function) (tsserver.js:133868:61)
    at tsserver.js:135256:88
    at IOSession.Session.executeWithRequestId (tsserver.js:135247:28)
    at IOSession.Session.executeCommand (tsserver.js:135256:33)
    at IOSession.Session.onMessage (tsserver.js:135279:35)
    at Interface.<anonymous> (tsserver.js:136594:27)
    at Interface.emit (events.js:182:13)
    at Interface._onLine (readline.js:290:10)
    at Interface._normalWrite (readline.js:433:12)
    at Socket.ondata (readline.js:149:10)
    at Socket.emit (events.js:182:13)
    at addChunk (_stream_readable.js:283:12)
    at readableAddChunk (_stream_readable.js:264:11)
    at Socket.Readable.push (_stream_readable.js:219:10)
    at Pipe.onStreamRead [as onread] (internal/stream_base_commons.js:94:17)
	at Function.create (/snap/code/18/usr/share/code/resources/app/extensions/typescript-language-features/dist/extension.js:53:63415)
	at h.dispatchResponse (/snap/code/18/usr/share/code/resources/app/extensions/typescript-language-features/dist/extension.js:53:56570)
	at h.dispatchMessage (/snap/code/18/usr/share/code/resources/app/extensions/typescript-language-features/dist/extension.js:53:55468)
	at _reader.onData.e (/snap/code/18/usr/share/code/resources/app/extensions/typescript-language-features/dist/extension.js:53:54944)
	at l.fire (/snap/code/18/usr/share/code/resources/app/out/vs/workbench/services/extensions/node/extensionHostProcess.js:50:519)
	at t.Reader.onLengthData (/snap/code/18/usr/share/code/resources/app/extensions/typescript-language-features/dist/extension.js:53:61635)
	at Socket.e.on.e (/snap/code/18/usr/share/code/resources/app/extensions/typescript-language-features/dist/extension.js:53:61283)
	at Socket.emit (events.js:182:13)
	at addChunk (_stream_readable.js:283:12)
	at readableAddChunk (_stream_readable.js:264:11)
	at Socket.Readable.push (_stream_readable.js:219:10)
	at Pipe.onStreamRead [as onread] (internal/stream_base_commons.js:94:17)
[2019-10-17 12:03:02.230] [renderer1] [error] TreeError [MarkersPanel] Tree element not found: [object Object]: Error: TreeError [MarkersPanel] Tree element not found: [object Object]
    at t.ObjectTreeModel.getElementLocation (file:///snap/code/18/usr/share/code/resources/app/out/vs/workbench/workbench.desktop.main.js:134:322)
    at t.ObjectTreeModel.isCollapsed (file:///snap/code/18/usr/share/code/resources/app/out/vs/workbench/workbench.desktop.main.js:133:544)
    at W.isCollapsed (file:///snap/code/18/usr/share/code/resources/app/out/vs/workbench/workbench.desktop.main.js:1028:72)
    at z.revealMarkersForCurrentActiveEditor (file:///snap/code/18/usr/share/code/resources/app/out/vs/workbench/workbench.desktop.main.js:5826:628)
    at z.autoReveal (file:///snap/code/18/usr/share/code/resources/app/out/vs/workbench/workbench.desktop.main.js:5826:485)
    at z.onActiveEditorChanged (file:///snap/code/18/usr/share/code/resources/app/out/vs/workbench/workbench.desktop.main.js:5823:776)
    at _register.y.Event.any.e (file:///snap/code/18/usr/share/code/resources/app/out/vs/workbench/workbench.desktop.main.js:5822:754)
    at e (file:///snap/code/18/usr/share/code/resources/app/out/vs/workbench/workbench.desktop.main.js:112:963)
    at c.fire (file:///snap/code/18/usr/share/code/resources/app/out/vs/workbench/workbench.desktop.main.js:116:519)
    at e.doEmitActiveEditorChangeEvent (file:///snap/code/18/usr/share/code/resources/app/out/vs/workbench/workbench.desktop.main.js:4833:364)
    at e.handleActiveEditorChange (file:///snap/code/18/usr/share/code/resources/app/out/vs/workbench/workbench.desktop.main.js:4833:160)
    at t.add.e.onDidGroupChange.t (file:///snap/code/18/usr/share/code/resources/app/out/vs/workbench/workbench.desktop.main.js:4833:474)
    at c.fire (file:///snap/code/18/usr/share/code/resources/app/out/vs/workbench/workbench.desktop.main.js:116:519)
    at t (file:///snap/code/18/usr/share/code/resources/app/out/vs/workbench/workbench.desktop.main.js:5473:454)
[2019-10-17 12:04:38.191] [renderer1] [error] TreeError [MarkersPanel] Tree element not found: [object Object]: Error: TreeError [MarkersPanel] Tree element not found: [object Object]
    at t.ObjectTreeModel.getElementLocation (file:///snap/code/18/usr/share/code/resources/app/out/vs/workbench/workbench.desktop.main.js:134:322)
    at t.ObjectTreeModel.isCollapsed (file:///snap/code/18/usr/share/code/resources/app/out/vs/workbench/workbench.desktop.main.js:133:544)
    at W.isCollapsed (file:///snap/code/18/usr/share/code/resources/app/out/vs/workbench/workbench.desktop.main.js:1028:72)
    at z.revealMarkersForCurrentActiveEditor (file:///snap/code/18/usr/share/code/resources/app/out/vs/workbench/workbench.desktop.main.js:5826:628)
    at z.autoReveal (file:///snap/code/18/usr/share/code/resources/app/out/vs/workbench/workbench.desktop.main.js:5826:485)
    at z.onActiveEditorChanged (file:///snap/code/18/usr/share/code/resources/app/out/vs/workbench/workbench.desktop.main.js:5823:776)
    at _register.y.Event.any.e (file:///snap/code/18/usr/share/code/resources/app/out/vs/workbench/workbench.desktop.main.js:5822:754)
    at e (file:///snap/code/18/usr/share/code/resources/app/out/vs/workbench/workbench.desktop.main.js:112:963)
    at c.fire (file:///snap/code/18/usr/share/code/resources/app/out/vs/workbench/workbench.desktop.main.js:116:519)
    at e.doEmitActiveEditorChangeEvent (file:///snap/code/18/usr/share/code/resources/app/out/vs/workbench/workbench.desktop.main.js:4833:364)
    at e.handleActiveEditorChange (file:///snap/code/18/usr/share/code/resources/app/out/vs/workbench/workbench.desktop.main.js:4833:160)
    at t.add.e.onDidGroupChange.t (file:///snap/code/18/usr/share/code/resources/app/out/vs/workbench/workbench.desktop.main.js:4833:474)
    at c.fire (file:///snap/code/18/usr/share/code/resources/app/out/vs/workbench/workbench.desktop.main.js:116:519)
    at t (file:///snap/code/18/usr/share/code/resources/app/out/vs/workbench/workbench.desktop.main.js:5473:454)
[2019-10-17 15:18:20.595] [renderer1] [error] TreeError [FileExplorer] Data tree node not found: [object Object]: Error: TreeError [FileExplorer] Data tree node not found: [object Object]
    at Y.getDataNode (file:///snap/code/18/usr/share/code/resources/app/out/vs/workbench/workbench.desktop.main.js:1045:675)
    at Y.expand (file:///snap/code/18/usr/share/code/resources/app/out/vs/workbench/workbench.desktop.main.js:1043:850)
    at e.onSelectResource (file:///snap/code/18/usr/share/code/resources/app/out/vs/workbench/workbench.desktop.main.js:5770:916)
[2019-10-17 16:02:47.089] [renderer1] [error] TreeError [MarkersPanel] Tree element not found: [object Object]: Error: TreeError [MarkersPanel] Tree element not found: [object Object]
    at t.ObjectTreeModel.getElementLocation (file:///snap/code/18/usr/share/code/resources/app/out/vs/workbench/workbench.desktop.main.js:134:322)
    at t.ObjectTreeModel.isCollapsed (file:///snap/code/18/usr/share/code/resources/app/out/vs/workbench/workbench.desktop.main.js:133:544)
    at W.isCollapsed (file:///snap/code/18/usr/share/code/resources/app/out/vs/workbench/workbench.desktop.main.js:1028:72)
    at z.revealMarkersForCurrentActiveEditor (file:///snap/code/18/usr/share/code/resources/app/out/vs/workbench/workbench.desktop.main.js:5826:628)
    at z.autoReveal (file:///snap/code/18/usr/share/code/resources/app/out/vs/workbench/workbench.desktop.main.js:5826:485)
    at z.onActiveEditorChanged (file:///snap/code/18/usr/share/code/resources/app/out/vs/workbench/workbench.desktop.main.js:5823:776)
    at _register.y.Event.any.e (file:///snap/code/18/usr/share/code/resources/app/out/vs/workbench/workbench.desktop.main.js:5822:754)
    at e (file:///snap/code/18/usr/share/code/resources/app/out/vs/workbench/workbench.desktop.main.js:112:963)
    at c.fire (file:///snap/code/18/usr/share/code/resources/app/out/vs/workbench/workbench.desktop.main.js:116:519)
    at e.doEmitActiveEditorChangeEvent (file:///snap/code/18/usr/share/code/resources/app/out/vs/workbench/workbench.desktop.main.js:4833:364)
    at e.handleActiveEditorChange (file:///snap/code/18/usr/share/code/resources/app/out/vs/workbench/workbench.desktop.main.js:4833:160)
    at t.add.e.onDidGroupChange.t (file:///snap/code/18/usr/share/code/resources/app/out/vs/workbench/workbench.desktop.main.js:4833:474)
    at c.fire (file:///snap/code/18/usr/share/code/resources/app/out/vs/workbench/workbench.desktop.main.js:116:519)
    at t (file:///snap/code/18/usr/share/code/resources/app/out/vs/workbench/workbench.desktop.main.js:5473:454)
[2019-10-17 16:04:24.366] [renderer1] [error] TreeError [MarkersPanel] Tree element not found: [object Object]: Error: TreeError [MarkersPanel] Tree element not found: [object Object]
    at t.ObjectTreeModel.getElementLocation (file:///snap/code/18/usr/share/code/resources/app/out/vs/workbench/workbench.desktop.main.js:134:322)
    at t.ObjectTreeModel.isCollapsed (file:///snap/code/18/usr/share/code/resources/app/out/vs/workbench/workbench.desktop.main.js:133:544)
    at W.isCollapsed (file:///snap/code/18/usr/share/code/resources/app/out/vs/workbench/workbench.desktop.main.js:1028:72)
    at z.revealMarkersForCurrentActiveEditor (file:///snap/code/18/usr/share/code/resources/app/out/vs/workbench/workbench.desktop.main.js:5826:628)
    at z.autoReveal (file:///snap/code/18/usr/share/code/resources/app/out/vs/workbench/workbench.desktop.main.js:5826:485)
    at z.onActiveEditorChanged (file:///snap/code/18/usr/share/code/resources/app/out/vs/workbench/workbench.desktop.main.js:5823:776)
    at _register.y.Event.any.e (file:///snap/code/18/usr/share/code/resources/app/out/vs/workbench/workbench.desktop.main.js:5822:754)
    at e (file:///snap/code/18/usr/share/code/resources/app/out/vs/workbench/workbench.desktop.main.js:112:963)
    at c.fire (file:///snap/code/18/usr/share/code/resources/app/out/vs/workbench/workbench.desktop.main.js:116:519)
    at e.doEmitActiveEditorChangeEvent (file:///snap/code/18/usr/share/code/resources/app/out/vs/workbench/workbench.desktop.main.js:4833:364)
    at e.handleActiveEditorChange (file:///snap/code/18/usr/share/code/resources/app/out/vs/workbench/workbench.desktop.main.js:4833:160)
    at t.add.e.onDidGroupChange.t (file:///snap/code/18/usr/share/code/resources/app/out/vs/workbench/workbench.desktop.main.js:4833:474)
    at c.fire (file:///snap/code/18/usr/share/code/resources/app/out/vs/workbench/workbench.desktop.main.js:116:519)
    at t (file:///snap/code/18/usr/share/code/resources/app/out/vs/workbench/workbench.desktop.main.js:5473:454)
[2019-10-17 16:05:03.645] [renderer1] [error] TreeError [MarkersPanel] Tree element not found: [object Object]: Error: TreeError [MarkersPanel] Tree element not found: [object Object]
    at t.ObjectTreeModel.getElementLocation (file:///snap/code/18/usr/share/code/resources/app/out/vs/workbench/workbench.desktop.main.js:134:322)
    at t.ObjectTreeModel.isCollapsed (file:///snap/code/18/usr/share/code/resources/app/out/vs/workbench/workbench.desktop.main.js:133:544)
    at W.isCollapsed (file:///snap/code/18/usr/share/code/resources/app/out/vs/workbench/workbench.desktop.main.js:1028:72)
    at z.revealMarkersForCurrentActiveEditor (file:///snap/code/18/usr/share/code/resources/app/out/vs/workbench/workbench.desktop.main.js:5826:628)
    at z.autoReveal (file:///snap/code/18/usr/share/code/resources/app/out/vs/workbench/workbench.desktop.main.js:5826:485)
    at z.onActiveEditorChanged (file:///snap/code/18/usr/share/code/resources/app/out/vs/workbench/workbench.desktop.main.js:5823:776)
    at _register.y.Event.any.e (file:///snap/code/18/usr/share/code/resources/app/out/vs/workbench/workbench.desktop.main.js:5822:754)
    at e (file:///snap/code/18/usr/share/code/resources/app/out/vs/workbench/workbench.desktop.main.js:112:963)
    at c.fire (file:///snap/code/18/usr/share/code/resources/app/out/vs/workbench/workbench.desktop.main.js:116:519)
    at e.doEmitActiveEditorChangeEvent (file:///snap/code/18/usr/share/code/resources/app/out/vs/workbench/workbench.desktop.main.js:4833:364)
    at e.handleActiveEditorChange (file:///snap/code/18/usr/share/code/resources/app/out/vs/workbench/workbench.desktop.main.js:4833:160)
    at t.add.e.onDidGroupChange.t (file:///snap/code/18/usr/share/code/resources/app/out/vs/workbench/workbench.desktop.main.js:4833:474)
    at c.fire (file:///snap/code/18/usr/share/code/resources/app/out/vs/workbench/workbench.desktop.main.js:116:519)
    at t (file:///snap/code/18/usr/share/code/resources/app/out/vs/workbench/workbench.desktop.main.js:5473:454)
[2019-10-17 16:06:18.152] [renderer1] [error] TreeError [MarkersPanel] Tree element not found: [object Object]: Error: TreeError [MarkersPanel] Tree element not found: [object Object]
    at t.ObjectTreeModel.getElementLocation (file:///snap/code/18/usr/share/code/resources/app/out/vs/workbench/workbench.desktop.main.js:134:322)
    at t.ObjectTreeModel.isCollapsed (file:///snap/code/18/usr/share/code/resources/app/out/vs/workbench/workbench.desktop.main.js:133:544)
    at W.isCollapsed (file:///snap/code/18/usr/share/code/resources/app/out/vs/workbench/workbench.desktop.main.js:1028:72)
    at z.revealMarkersForCurrentActiveEditor (file:///snap/code/18/usr/share/code/resources/app/out/vs/workbench/workbench.desktop.main.js:5826:628)
    at z.autoReveal (file:///snap/code/18/usr/share/code/resources/app/out/vs/workbench/workbench.desktop.main.js:5826:485)
    at z.onActiveEditorChanged (file:///snap/code/18/usr/share/code/resources/app/out/vs/workbench/workbench.desktop.main.js:5823:776)
    at _register.y.Event.any.e (file:///snap/code/18/usr/share/code/resources/app/out/vs/workbench/workbench.desktop.main.js:5822:754)
    at e (file:///snap/code/18/usr/share/code/resources/app/out/vs/workbench/workbench.desktop.main.js:112:963)
    at c.fire (file:///snap/code/18/usr/share/code/resources/app/out/vs/workbench/workbench.desktop.main.js:116:519)
    at e.doEmitActiveEditorChangeEvent (file:///snap/code/18/usr/share/code/resources/app/out/vs/workbench/workbench.desktop.main.js:4833:364)
    at e.handleActiveEditorChange (file:///snap/code/18/usr/share/code/resources/app/out/vs/workbench/workbench.desktop.main.js:4833:160)
    at t.add.e.onDidGroupChange.t (file:///snap/code/18/usr/share/code/resources/app/out/vs/workbench/workbench.desktop.main.js:4833:474)
    at c.fire (file:///snap/code/18/usr/share/code/resources/app/out/vs/workbench/workbench.desktop.main.js:116:519)
    at t (file:///snap/code/18/usr/share/code/resources/app/out/vs/workbench/workbench.desktop.main.js:5473:454)
[2019-10-17 16:06:57.500] [renderer1] [error] TreeError [MarkersPanel] Tree element not found: [object Object]: Error: TreeError [MarkersPanel] Tree element not found: [object Object]
    at t.ObjectTreeModel.getElementLocation (file:///snap/code/18/usr/share/code/resources/app/out/vs/workbench/workbench.desktop.main.js:134:322)
    at t.ObjectTreeModel.isCollapsed (file:///snap/code/18/usr/share/code/resources/app/out/vs/workbench/workbench.desktop.main.js:133:544)
    at W.isCollapsed (file:///snap/code/18/usr/share/code/resources/app/out/vs/workbench/workbench.desktop.main.js:1028:72)
    at z.revealMarkersForCurrentActiveEditor (file:///snap/code/18/usr/share/code/resources/app/out/vs/workbench/workbench.desktop.main.js:5826:628)
    at z.autoReveal (file:///snap/code/18/usr/share/code/resources/app/out/vs/workbench/workbench.desktop.main.js:5826:485)
    at z.onActiveEditorChanged (file:///snap/code/18/usr/share/code/resources/app/out/vs/workbench/workbench.desktop.main.js:5823:776)
    at _register.y.Event.any.e (file:///snap/code/18/usr/share/code/resources/app/out/vs/workbench/workbench.desktop.main.js:5822:754)
    at e (file:///snap/code/18/usr/share/code/resources/app/out/vs/workbench/workbench.desktop.main.js:112:963)
    at c.fire (file:///snap/code/18/usr/share/code/resources/app/out/vs/workbench/workbench.desktop.main.js:116:519)
    at e.doEmitActiveEditorChangeEvent (file:///snap/code/18/usr/share/code/resources/app/out/vs/workbench/workbench.desktop.main.js:4833:364)
    at e.handleActiveEditorChange (file:///snap/code/18/usr/share/code/resources/app/out/vs/workbench/workbench.desktop.main.js:4833:160)
    at t.add.e.onDidGroupChange.t (file:///snap/code/18/usr/share/code/resources/app/out/vs/workbench/workbench.desktop.main.js:4833:474)
    at c.fire (file:///snap/code/18/usr/share/code/resources/app/out/vs/workbench/workbench.desktop.main.js:116:519)
    at t (file:///snap/code/18/usr/share/code/resources/app/out/vs/workbench/workbench.desktop.main.js:5473:454)
[2019-10-17 16:08:21.449] [renderer1] [error] TreeError [MarkersPanel] Tree element not found: [object Object]: Error: TreeError [MarkersPanel] Tree element not found: [object Object]
    at t.ObjectTreeModel.getElementLocation (file:///snap/code/18/usr/share/code/resources/app/out/vs/workbench/workbench.desktop.main.js:134:322)
    at t.ObjectTreeModel.isCollapsed (file:///snap/code/18/usr/share/code/resources/app/out/vs/workbench/workbench.desktop.main.js:133:544)
    at W.isCollapsed (file:///snap/code/18/usr/share/code/resources/app/out/vs/workbench/workbench.desktop.main.js:1028:72)
    at z.revealMarkersForCurrentActiveEditor (file:///snap/code/18/usr/share/code/resources/app/out/vs/workbench/workbench.desktop.main.js:5826:628)
    at z.autoReveal (file:///snap/code/18/usr/share/code/resources/app/out/vs/workbench/workbench.desktop.main.js:5826:485)
    at z.onActiveEditorChanged (file:///snap/code/18/usr/share/code/resources/app/out/vs/workbench/workbench.desktop.main.js:5823:776)
    at _register.y.Event.any.e (file:///snap/code/18/usr/share/code/resources/app/out/vs/workbench/workbench.desktop.main.js:5822:754)
    at e (file:///snap/code/18/usr/share/code/resources/app/out/vs/workbench/workbench.desktop.main.js:112:963)
    at c.fire (file:///snap/code/18/usr/share/code/resources/app/out/vs/workbench/workbench.desktop.main.js:116:519)
    at e.doEmitActiveEditorChangeEvent (file:///snap/code/18/usr/share/code/resources/app/out/vs/workbench/workbench.desktop.main.js:4833:364)
    at e.handleActiveEditorChange (file:///snap/code/18/usr/share/code/resources/app/out/vs/workbench/workbench.desktop.main.js:4833:160)
    at t.add.e.onDidGroupChange.t (file:///snap/code/18/usr/share/code/resources/app/out/vs/workbench/workbench.desktop.main.js:4833:474)
    at c.fire (file:///snap/code/18/usr/share/code/resources/app/out/vs/workbench/workbench.desktop.main.js:116:519)
    at t (file:///snap/code/18/usr/share/code/resources/app/out/vs/workbench/workbench.desktop.main.js:5473:454)
[2019-10-17 16:10:40.438] [renderer1] [error] TreeError [MarkersPanel] Tree element not found: [object Object]: Error: TreeError [MarkersPanel] Tree element not found: [object Object]
    at t.ObjectTreeModel.getElementLocation (file:///snap/code/18/usr/share/code/resources/app/out/vs/workbench/workbench.desktop.main.js:134:322)
    at t.ObjectTreeModel.isCollapsed (file:///snap/code/18/usr/share/code/resources/app/out/vs/workbench/workbench.desktop.main.js:133:544)
    at W.isCollapsed (file:///snap/code/18/usr/share/code/resources/app/out/vs/workbench/workbench.desktop.main.js:1028:72)
    at z.revealMarkersForCurrentActiveEditor (file:///snap/code/18/usr/share/code/resources/app/out/vs/workbench/workbench.desktop.main.js:5826:628)
    at z.autoReveal (file:///snap/code/18/usr/share/code/resources/app/out/vs/workbench/workbench.desktop.main.js:5826:485)
    at z.onActiveEditorChanged (file:///snap/code/18/usr/share/code/resources/app/out/vs/workbench/workbench.desktop.main.js:5823:776)
    at _register.y.Event.any.e (file:///snap/code/18/usr/share/code/resources/app/out/vs/workbench/workbench.desktop.main.js:5822:754)
    at e (file:///snap/code/18/usr/share/code/resources/app/out/vs/workbench/workbench.desktop.main.js:112:963)
    at c.fire (file:///snap/code/18/usr/share/code/resources/app/out/vs/workbench/workbench.desktop.main.js:116:519)
    at e.doEmitActiveEditorChangeEvent (file:///snap/code/18/usr/share/code/resources/app/out/vs/workbench/workbench.desktop.main.js:4833:364)
    at e.handleActiveEditorChange (file:///snap/code/18/usr/share/code/resources/app/out/vs/workbench/workbench.desktop.main.js:4833:160)
    at t.add.e.onDidGroupChange.t (file:///snap/code/18/usr/share/code/resources/app/out/vs/workbench/workbench.desktop.main.js:4833:474)
    at c.fire (file:///snap/code/18/usr/share/code/resources/app/out/vs/workbench/workbench.desktop.main.js:116:519)
    at t (file:///snap/code/18/usr/share/code/resources/app/out/vs/workbench/workbench.desktop.main.js:5473:454)
[2019-10-17 16:11:25.380] [renderer1] [error] TreeError [MarkersPanel] Tree element not found: [object Object]: Error: TreeError [MarkersPanel] Tree element not found: [object Object]
    at t.ObjectTreeModel.getElementLocation (file:///snap/code/18/usr/share/code/resources/app/out/vs/workbench/workbench.desktop.main.js:134:322)
    at t.ObjectTreeModel.isCollapsed (file:///snap/code/18/usr/share/code/resources/app/out/vs/workbench/workbench.desktop.main.js:133:544)
    at W.isCollapsed (file:///snap/code/18/usr/share/code/resources/app/out/vs/workbench/workbench.desktop.main.js:1028:72)
    at z.revealMarkersForCurrentActiveEditor (file:///snap/code/18/usr/share/code/resources/app/out/vs/workbench/workbench.desktop.main.js:5826:628)
    at z.autoReveal (file:///snap/code/18/usr/share/code/resources/app/out/vs/workbench/workbench.desktop.main.js:5826:485)
    at z.onActiveEditorChanged (file:///snap/code/18/usr/share/code/resources/app/out/vs/workbench/workbench.desktop.main.js:5823:776)
    at _register.y.Event.any.e (file:///snap/code/18/usr/share/code/resources/app/out/vs/workbench/workbench.desktop.main.js:5822:754)
    at e (file:///snap/code/18/usr/share/code/resources/app/out/vs/workbench/workbench.desktop.main.js:112:963)
    at c.fire (file:///snap/code/18/usr/share/code/resources/app/out/vs/workbench/workbench.desktop.main.js:116:519)
    at e.doEmitActiveEditorChangeEvent (file:///snap/code/18/usr/share/code/resources/app/out/vs/workbench/workbench.desktop.main.js:4833:364)
    at e.handleActiveEditorChange (file:///snap/code/18/usr/share/code/resources/app/out/vs/workbench/workbench.desktop.main.js:4833:160)
    at t.add.e.onDidGroupChange.t (file:///snap/code/18/usr/share/code/resources/app/out/vs/workbench/workbench.desktop.main.js:4833:474)
    at c.fire (file:///snap/code/18/usr/share/code/resources/app/out/vs/workbench/workbench.desktop.main.js:116:519)
    at t (file:///snap/code/18/usr/share/code/resources/app/out/vs/workbench/workbench.desktop.main.js:5473:454)
[2019-10-17 16:12:13.208] [renderer1] [error] TreeError [MarkersPanel] Tree element not found: [object Object]: Error: TreeError [MarkersPanel] Tree element not found: [object Object]
    at t.ObjectTreeModel.getElementLocation (file:///snap/code/18/usr/share/code/resources/app/out/vs/workbench/workbench.desktop.main.js:134:322)
    at t.ObjectTreeModel.isCollapsed (file:///snap/code/18/usr/share/code/resources/app/out/vs/workbench/workbench.desktop.main.js:133:544)
    at W.isCollapsed (file:///snap/code/18/usr/share/code/resources/app/out/vs/workbench/workbench.desktop.main.js:1028:72)
    at z.revealMarkersForCurrentActiveEditor (file:///snap/code/18/usr/share/code/resources/app/out/vs/workbench/workbench.desktop.main.js:5826:628)
    at z.autoReveal (file:///snap/code/18/usr/share/code/resources/app/out/vs/workbench/workbench.desktop.main.js:5826:485)
    at z.onActiveEditorChanged (file:///snap/code/18/usr/share/code/resources/app/out/vs/workbench/workbench.desktop.main.js:5823:776)
    at _register.y.Event.any.e (file:///snap/code/18/usr/share/code/resources/app/out/vs/workbench/workbench.desktop.main.js:5822:754)
    at e (file:///snap/code/18/usr/share/code/resources/app/out/vs/workbench/workbench.desktop.main.js:112:963)
    at c.fire (file:///snap/code/18/usr/share/code/resources/app/out/vs/workbench/workbench.desktop.main.js:116:519)
    at e.doEmitActiveEditorChangeEvent (file:///snap/code/18/usr/share/code/resources/app/out/vs/workbench/workbench.desktop.main.js:4833:364)
    at e.handleActiveEditorChange (file:///snap/code/18/usr/share/code/resources/app/out/vs/workbench/workbench.desktop.main.js:4833:160)
    at t.add.e.onDidGroupChange.t (file:///snap/code/18/usr/share/code/resources/app/out/vs/workbench/workbench.desktop.main.js:4833:474)
    at c.fire (file:///snap/code/18/usr/share/code/resources/app/out/vs/workbench/workbench.desktop.main.js:116:519)
    at t (file:///snap/code/18/usr/share/code/resources/app/out/vs/workbench/workbench.desktop.main.js:5473:454)
[2019-10-17 16:14:47.933] [renderer1] [error] TreeError [MarkersPanel] Tree element not found: [object Object]: Error: TreeError [MarkersPanel] Tree element not found: [object Object]
    at t.ObjectTreeModel.getElementLocation (file:///snap/code/18/usr/share/code/resources/app/out/vs/workbench/workbench.desktop.main.js:134:322)
    at t.ObjectTreeModel.isCollapsed (file:///snap/code/18/usr/share/code/resources/app/out/vs/workbench/workbench.desktop.main.js:133:544)
    at W.isCollapsed (file:///snap/code/18/usr/share/code/resources/app/out/vs/workbench/workbench.desktop.main.js:1028:72)
    at z.revealMarkersForCurrentActiveEditor (file:///snap/code/18/usr/share/code/resources/app/out/vs/workbench/workbench.desktop.main.js:5826:628)
    at z.autoReveal (file:///snap/code/18/usr/share/code/resources/app/out/vs/workbench/workbench.desktop.main.js:5826:485)
    at z.onActiveEditorChanged (file:///snap/code/18/usr/share/code/resources/app/out/vs/workbench/workbench.desktop.main.js:5823:776)
    at _register.y.Event.any.e (file:///snap/code/18/usr/share/code/resources/app/out/vs/workbench/workbench.desktop.main.js:5822:754)
    at e (file:///snap/code/18/usr/share/code/resources/app/out/vs/workbench/workbench.desktop.main.js:112:963)
    at c.fire (file:///snap/code/18/usr/share/code/resources/app/out/vs/workbench/workbench.desktop.main.js:116:519)
    at e.doEmitActiveEditorChangeEvent (file:///snap/code/18/usr/share/code/resources/app/out/vs/workbench/workbench.desktop.main.js:4833:364)
    at e.handleActiveEditorChange (file:///snap/code/18/usr/share/code/resources/app/out/vs/workbench/workbench.desktop.main.js:4833:160)
    at t.add.e.onDidGroupChange.t (file:///snap/code/18/usr/share/code/resources/app/out/vs/workbench/workbench.desktop.main.js:4833:474)
    at c.fire (file:///snap/code/18/usr/share/code/resources/app/out/vs/workbench/workbench.desktop.main.js:116:519)
    at t (file:///snap/code/18/usr/share/code/resources/app/out/vs/workbench/workbench.desktop.main.js:5473:454)
[2019-10-17 16:16:30.617] [renderer1] [error] TreeError [MarkersPanel] Tree element not found: [object Object]: Error: TreeError [MarkersPanel] Tree element not found: [object Object]
    at t.ObjectTreeModel.getElementLocation (file:///snap/code/18/usr/share/code/resources/app/out/vs/workbench/workbench.desktop.main.js:134:322)
    at t.ObjectTreeModel.isCollapsed (file:///snap/code/18/usr/share/code/resources/app/out/vs/workbench/workbench.desktop.main.js:133:544)
    at W.isCollapsed (file:///snap/code/18/usr/share/code/resources/app/out/vs/workbench/workbench.desktop.main.js:1028:72)
    at z.revealMarkersForCurrentActiveEditor (file:///snap/code/18/usr/share/code/resources/app/out/vs/workbench/workbench.desktop.main.js:5826:628)
    at z.autoReveal (file:///snap/code/18/usr/share/code/resources/app/out/vs/workbench/workbench.desktop.main.js:5826:485)
    at z.onActiveEditorChanged (file:///snap/code/18/usr/share/code/resources/app/out/vs/workbench/workbench.desktop.main.js:5823:776)
    at _register.y.Event.any.e (file:///snap/code/18/usr/share/code/resources/app/out/vs/workbench/workbench.desktop.main.js:5822:754)
    at e (file:///snap/code/18/usr/share/code/resources/app/out/vs/workbench/workbench.desktop.main.js:112:963)
    at c.fire (file:///snap/code/18/usr/share/code/resources/app/out/vs/workbench/workbench.desktop.main.js:116:519)
    at e.doEmitActiveEditorChangeEvent (file:///snap/code/18/usr/share/code/resources/app/out/vs/workbench/workbench.desktop.main.js:4833:364)
    at e.handleActiveEditorChange (file:///snap/code/18/usr/share/code/resources/app/out/vs/workbench/workbench.desktop.main.js:4833:160)
    at t.add.e.onDidGroupChange.t (file:///snap/code/18/usr/share/code/resources/app/out/vs/workbench/workbench.desktop.main.js:4833:474)
    at c.fire (file:///snap/code/18/usr/share/code/resources/app/out/vs/workbench/workbench.desktop.main.js:116:519)
    at t (file:///snap/code/18/usr/share/code/resources/app/out/vs/workbench/workbench.desktop.main.js:5473:454)
[2019-10-17 16:17:38.730] [renderer1] [error] TreeError [MarkersPanel] Tree element not found: [object Object]: Error: TreeError [MarkersPanel] Tree element not found: [object Object]
    at t.ObjectTreeModel.getElementLocation (file:///snap/code/18/usr/share/code/resources/app/out/vs/workbench/workbench.desktop.main.js:134:322)
    at t.ObjectTreeModel.isCollapsed (file:///snap/code/18/usr/share/code/resources/app/out/vs/workbench/workbench.desktop.main.js:133:544)
    at W.isCollapsed (file:///snap/code/18/usr/share/code/resources/app/out/vs/workbench/workbench.desktop.main.js:1028:72)
    at z.revealMarkersForCurrentActiveEditor (file:///snap/code/18/usr/share/code/resources/app/out/vs/workbench/workbench.desktop.main.js:5826:628)
    at z.autoReveal (file:///snap/code/18/usr/share/code/resources/app/out/vs/workbench/workbench.desktop.main.js:5826:485)
    at z.onActiveEditorChanged (file:///snap/code/18/usr/share/code/resources/app/out/vs/workbench/workbench.desktop.main.js:5823:776)
    at _register.y.Event.any.e (file:///snap/code/18/usr/share/code/resources/app/out/vs/workbench/workbench.desktop.main.js:5822:754)
    at e (file:///snap/code/18/usr/share/code/resources/app/out/vs/workbench/workbench.desktop.main.js:112:963)
    at c.fire (file:///snap/code/18/usr/share/code/resources/app/out/vs/workbench/workbench.desktop.main.js:116:519)
    at e.doEmitActiveEditorChangeEvent (file:///snap/code/18/usr/share/code/resources/app/out/vs/workbench/workbench.desktop.main.js:4833:364)
    at e.handleActiveEditorChange (file:///snap/code/18/usr/share/code/resources/app/out/vs/workbench/workbench.desktop.main.js:4833:160)
    at t.add.e.onDidGroupChange.t (file:///snap/code/18/usr/share/code/resources/app/out/vs/workbench/workbench.desktop.main.js:4833:474)
    at c.fire (file:///snap/code/18/usr/share/code/resources/app/out/vs/workbench/workbench.desktop.main.js:116:519)
    at t (file:///snap/code/18/usr/share/code/resources/app/out/vs/workbench/workbench.desktop.main.js:5473:454)
[2019-10-17 16:17:59.905] [renderer1] [error] <semantic> TypeScript Server Error (3.6.3)
Debug Failure.
Error: Debug Failure.
    at Object.assertDefined (tsserver.js:2101:24)
    at getRangeToExtract (tsserver.js:122874:43)
    at Object.getAvailableActions (tsserver.js:122838:28)
    at tsserver.js:115901:128
    at getIterator (tsserver.js:637:23)
    at Object.next (tsserver.js:632:35)
    at Object.arrayFrom (tsserver.js:1276:40)
    at Object.getApplicableRefactors (tsserver.js:115900:23)
    at Object.getApplicableRefactors (tsserver.js:126101:32)
    at IOSession.Session.getApplicableRefactors (tsserver.js:135013:53)
    at Session.handlers.ts.createMapFromTemplate._a.(anonymous function) (tsserver.js:133868:61)
    at tsserver.js:135256:88
    at IOSession.Session.executeWithRequestId (tsserver.js:135247:28)
    at IOSession.Session.executeCommand (tsserver.js:135256:33)
    at IOSession.Session.onMessage (tsserver.js:135279:35)
    at Interface.<anonymous> (tsserver.js:136594:27)
    at Interface.emit (events.js:182:13)
    at Interface._onLine (readline.js:290:10)
    at Interface._normalWrite (readline.js:433:12)
    at Socket.ondata (readline.js:149:10)
    at Socket.emit (events.js:182:13)
    at addChunk (_stream_readable.js:283:12)
    at readableAddChunk (_stream_readable.js:264:11)
    at Socket.Readable.push (_stream_readable.js:219:10)
    at Pipe.onStreamRead [as onread] (internal/stream_base_commons.js:94:17): Error: <semantic> TypeScript Server Error (3.6.3)
Debug Failure.
Error: Debug Failure.
    at Object.assertDefined (tsserver.js:2101:24)
    at getRangeToExtract (tsserver.js:122874:43)
    at Object.getAvailableActions (tsserver.js:122838:28)
    at tsserver.js:115901:128
    at getIterator (tsserver.js:637:23)
    at Object.next (tsserver.js:632:35)
    at Object.arrayFrom (tsserver.js:1276:40)
    at Object.getApplicableRefactors (tsserver.js:115900:23)
    at Object.getApplicableRefactors (tsserver.js:126101:32)
    at IOSession.Session.getApplicableRefactors (tsserver.js:135013:53)
    at Session.handlers.ts.createMapFromTemplate._a.(anonymous function) (tsserver.js:133868:61)
    at tsserver.js:135256:88
    at IOSession.Session.executeWithRequestId (tsserver.js:135247:28)
    at IOSession.Session.executeCommand (tsserver.js:135256:33)
    at IOSession.Session.onMessage (tsserver.js:135279:35)
    at Interface.<anonymous> (tsserver.js:136594:27)
    at Interface.emit (events.js:182:13)
    at Interface._onLine (readline.js:290:10)
    at Interface._normalWrite (readline.js:433:12)
    at Socket.ondata (readline.js:149:10)
    at Socket.emit (events.js:182:13)
    at addChunk (_stream_readable.js:283:12)
    at readableAddChunk (_stream_readable.js:264:11)
    at Socket.Readable.push (_stream_readable.js:219:10)
    at Pipe.onStreamRead [as onread] (internal/stream_base_commons.js:94:17)
	at Function.create (/snap/code/18/usr/share/code/resources/app/extensions/typescript-language-features/dist/extension.js:53:63415)
	at h.dispatchResponse (/snap/code/18/usr/share/code/resources/app/extensions/typescript-language-features/dist/extension.js:53:56570)
	at h.dispatchMessage (/snap/code/18/usr/share/code/resources/app/extensions/typescript-language-features/dist/extension.js:53:55468)
	at _reader.onData.e (/snap/code/18/usr/share/code/resources/app/extensions/typescript-language-features/dist/extension.js:53:54944)
	at l.fire (/snap/code/18/usr/share/code/resources/app/out/vs/workbench/services/extensions/node/extensionHostProcess.js:50:519)
	at t.Reader.onLengthData (/snap/code/18/usr/share/code/resources/app/extensions/typescript-language-features/dist/extension.js:53:61635)
	at Socket.e.on.e (/snap/code/18/usr/share/code/resources/app/extensions/typescript-language-features/dist/extension.js:53:61283)
	at Socket.emit (events.js:182:13)
	at addChunk (_stream_readable.js:283:12)
	at readableAddChunk (_stream_readable.js:264:11)
	at Socket.Readable.push (_stream_readable.js:219:10)
	at Pipe.onStreamRead [as onread] (internal/stream_base_commons.js:94:17)
[2019-10-17 16:19:24.697] [renderer1] [error] TreeError [MarkersPanel] Tree element not found: [object Object]: Error: TreeError [MarkersPanel] Tree element not found: [object Object]
    at t.ObjectTreeModel.getElementLocation (file:///snap/code/18/usr/share/code/resources/app/out/vs/workbench/workbench.desktop.main.js:134:322)
    at t.ObjectTreeModel.isCollapsed (file:///snap/code/18/usr/share/code/resources/app/out/vs/workbench/workbench.desktop.main.js:133:544)
    at W.isCollapsed (file:///snap/code/18/usr/share/code/resources/app/out/vs/workbench/workbench.desktop.main.js:1028:72)
    at z.revealMarkersForCurrentActiveEditor (file:///snap/code/18/usr/share/code/resources/app/out/vs/workbench/workbench.desktop.main.js:5826:628)
    at z.autoReveal (file:///snap/code/18/usr/share/code/resources/app/out/vs/workbench/workbench.desktop.main.js:5826:485)
    at z.onActiveEditorChanged (file:///snap/code/18/usr/share/code/resources/app/out/vs/workbench/workbench.desktop.main.js:5823:776)
    at _register.y.Event.any.e (file:///snap/code/18/usr/share/code/resources/app/out/vs/workbench/workbench.desktop.main.js:5822:754)
    at e (file:///snap/code/18/usr/share/code/resources/app/out/vs/workbench/workbench.desktop.main.js:112:963)
    at c.fire (file:///snap/code/18/usr/share/code/resources/app/out/vs/workbench/workbench.desktop.main.js:116:519)
    at e.doEmitActiveEditorChangeEvent (file:///snap/code/18/usr/share/code/resources/app/out/vs/workbench/workbench.desktop.main.js:4833:364)
    at e.handleActiveEditorChange (file:///snap/code/18/usr/share/code/resources/app/out/vs/workbench/workbench.desktop.main.js:4833:160)
    at t.add.e.onDidGroupChange.t (file:///snap/code/18/usr/share/code/resources/app/out/vs/workbench/workbench.desktop.main.js:4833:474)
    at c.fire (file:///snap/code/18/usr/share/code/resources/app/out/vs/workbench/workbench.desktop.main.js:116:519)
    at t (file:///snap/code/18/usr/share/code/resources/app/out/vs/workbench/workbench.desktop.main.js:5473:454)
[2019-10-17 16:20:04.776] [renderer1] [error] TreeError [MarkersPanel] Tree element not found: [object Object]: Error: TreeError [MarkersPanel] Tree element not found: [object Object]
    at t.ObjectTreeModel.getElementLocation (file:///snap/code/18/usr/share/code/resources/app/out/vs/workbench/workbench.desktop.main.js:134:322)
    at t.ObjectTreeModel.isCollapsed (file:///snap/code/18/usr/share/code/resources/app/out/vs/workbench/workbench.desktop.main.js:133:544)
    at W.isCollapsed (file:///snap/code/18/usr/share/code/resources/app/out/vs/workbench/workbench.desktop.main.js:1028:72)
    at z.revealMarkersForCurrentActiveEditor (file:///snap/code/18/usr/share/code/resources/app/out/vs/workbench/workbench.desktop.main.js:5826:628)
    at z.autoReveal (file:///snap/code/18/usr/share/code/resources/app/out/vs/workbench/workbench.desktop.main.js:5826:485)
    at z.onActiveEditorChanged (file:///snap/code/18/usr/share/code/resources/app/out/vs/workbench/workbench.desktop.main.js:5823:776)
    at _register.y.Event.any.e (file:///snap/code/18/usr/share/code/resources/app/out/vs/workbench/workbench.desktop.main.js:5822:754)
    at e (file:///snap/code/18/usr/share/code/resources/app/out/vs/workbench/workbench.desktop.main.js:112:963)
    at c.fire (file:///snap/code/18/usr/share/code/resources/app/out/vs/workbench/workbench.desktop.main.js:116:519)
    at e.doEmitActiveEditorChangeEvent (file:///snap/code/18/usr/share/code/resources/app/out/vs/workbench/workbench.desktop.main.js:4833:364)
    at e.handleActiveEditorChange (file:///snap/code/18/usr/share/code/resources/app/out/vs/workbench/workbench.desktop.main.js:4833:160)
    at t.add.e.onDidGroupChange.t (file:///snap/code/18/usr/share/code/resources/app/out/vs/workbench/workbench.desktop.main.js:4833:474)
    at c.fire (file:///snap/code/18/usr/share/code/resources/app/out/vs/workbench/workbench.desktop.main.js:116:519)
    at t (file:///snap/code/18/usr/share/code/resources/app/out/vs/workbench/workbench.desktop.main.js:5473:454)
[2019-10-17 16:29:34.233] [renderer1] [error] TreeError [MarkersPanel] Tree element not found: [object Object]: Error: TreeError [MarkersPanel] Tree element not found: [object Object]
    at t.ObjectTreeModel.getElementLocation (file:///snap/code/18/usr/share/code/resources/app/out/vs/workbench/workbench.desktop.main.js:134:322)
    at t.ObjectTreeModel.isCollapsed (file:///snap/code/18/usr/share/code/resources/app/out/vs/workbench/workbench.desktop.main.js:133:544)
    at W.isCollapsed (file:///snap/code/18/usr/share/code/resources/app/out/vs/workbench/workbench.desktop.main.js:1028:72)
    at z.revealMarkersForCurrentActiveEditor (file:///snap/code/18/usr/share/code/resources/app/out/vs/workbench/workbench.desktop.main.js:5826:628)
    at z.autoReveal (file:///snap/code/18/usr/share/code/resources/app/out/vs/workbench/workbench.desktop.main.js:5826:485)
    at z.onActiveEditorChanged (file:///snap/code/18/usr/share/code/resources/app/out/vs/workbench/workbench.desktop.main.js:5823:776)
    at _register.y.Event.any.e (file:///snap/code/18/usr/share/code/resources/app/out/vs/workbench/workbench.desktop.main.js:5822:754)
    at e (file:///snap/code/18/usr/share/code/resources/app/out/vs/workbench/workbench.desktop.main.js:112:963)
    at c.fire (file:///snap/code/18/usr/share/code/resources/app/out/vs/workbench/workbench.desktop.main.js:116:519)
    at e.doEmitActiveEditorChangeEvent (file:///snap/code/18/usr/share/code/resources/app/out/vs/workbench/workbench.desktop.main.js:4833:364)
    at e.handleActiveEditorChange (file:///snap/code/18/usr/share/code/resources/app/out/vs/workbench/workbench.desktop.main.js:4833:160)
    at t.add.e.onDidGroupChange.t (file:///snap/code/18/usr/share/code/resources/app/out/vs/workbench/workbench.desktop.main.js:4833:474)
    at c.fire (file:///snap/code/18/usr/share/code/resources/app/out/vs/workbench/workbench.desktop.main.js:116:519)
    at t (file:///snap/code/18/usr/share/code/resources/app/out/vs/workbench/workbench.desktop.main.js:5473:454)
[2019-10-17 16:29:59.429] [renderer1] [error] TreeError [MarkersPanel] Tree element not found: [object Object]: Error: TreeError [MarkersPanel] Tree element not found: [object Object]
    at t.ObjectTreeModel.getElementLocation (file:///snap/code/18/usr/share/code/resources/app/out/vs/workbench/workbench.desktop.main.js:134:322)
    at t.ObjectTreeModel.isCollapsed (file:///snap/code/18/usr/share/code/resources/app/out/vs/workbench/workbench.desktop.main.js:133:544)
    at W.isCollapsed (file:///snap/code/18/usr/share/code/resources/app/out/vs/workbench/workbench.desktop.main.js:1028:72)
    at z.revealMarkersForCurrentActiveEditor (file:///snap/code/18/usr/share/code/resources/app/out/vs/workbench/workbench.desktop.main.js:5826:628)
    at z.autoReveal (file:///snap/code/18/usr/share/code/resources/app/out/vs/workbench/workbench.desktop.main.js:5826:485)
    at z.onActiveEditorChanged (file:///snap/code/18/usr/share/code/resources/app/out/vs/workbench/workbench.desktop.main.js:5823:776)
    at _register.y.Event.any.e (file:///snap/code/18/usr/share/code/resources/app/out/vs/workbench/workbench.desktop.main.js:5822:754)
    at e (file:///snap/code/18/usr/share/code/resources/app/out/vs/workbench/workbench.desktop.main.js:112:963)
    at c.fire (file:///snap/code/18/usr/share/code/resources/app/out/vs/workbench/workbench.desktop.main.js:116:519)
    at e.doEmitActiveEditorChangeEvent (file:///snap/code/18/usr/share/code/resources/app/out/vs/workbench/workbench.desktop.main.js:4833:364)
    at e.handleActiveEditorChange (file:///snap/code/18/usr/share/code/resources/app/out/vs/workbench/workbench.desktop.main.js:4833:160)
    at t.add.e.onDidGroupChange.t (file:///snap/code/18/usr/share/code/resources/app/out/vs/workbench/workbench.desktop.main.js:4833:474)
    at c.fire (file:///snap/code/18/usr/share/code/resources/app/out/vs/workbench/workbench.desktop.main.js:116:519)
    at t (file:///snap/code/18/usr/share/code/resources/app/out/vs/workbench/workbench.desktop.main.js:5473:454)
[2019-10-17 16:30:28.725] [renderer1] [error] TreeError [MarkersPanel] Tree element not found: [object Object]: Error: TreeError [MarkersPanel] Tree element not found: [object Object]
    at t.ObjectTreeModel.getElementLocation (file:///snap/code/18/usr/share/code/resources/app/out/vs/workbench/workbench.desktop.main.js:134:322)
    at t.ObjectTreeModel.isCollapsed (file:///snap/code/18/usr/share/code/resources/app/out/vs/workbench/workbench.desktop.main.js:133:544)
    at W.isCollapsed (file:///snap/code/18/usr/share/code/resources/app/out/vs/workbench/workbench.desktop.main.js:1028:72)
    at z.revealMarkersForCurrentActiveEditor (file:///snap/code/18/usr/share/code/resources/app/out/vs/workbench/workbench.desktop.main.js:5826:628)
    at z.autoReveal (file:///snap/code/18/usr/share/code/resources/app/out/vs/workbench/workbench.desktop.main.js:5826:485)
    at z.onActiveEditorChanged (file:///snap/code/18/usr/share/code/resources/app/out/vs/workbench/workbench.desktop.main.js:5823:776)
    at _register.y.Event.any.e (file:///snap/code/18/usr/share/code/resources/app/out/vs/workbench/workbench.desktop.main.js:5822:754)
    at e (file:///snap/code/18/usr/share/code/resources/app/out/vs/workbench/workbench.desktop.main.js:112:963)
    at c.fire (file:///snap/code/18/usr/share/code/resources/app/out/vs/workbench/workbench.desktop.main.js:116:519)
    at e.doEmitActiveEditorChangeEvent (file:///snap/code/18/usr/share/code/resources/app/out/vs/workbench/workbench.desktop.main.js:4833:364)
    at e.handleActiveEditorChange (file:///snap/code/18/usr/share/code/resources/app/out/vs/workbench/workbench.desktop.main.js:4833:160)
    at t.add.e.onDidGroupChange.t (file:///snap/code/18/usr/share/code/resources/app/out/vs/workbench/workbench.desktop.main.js:4833:474)
    at c.fire (file:///snap/code/18/usr/share/code/resources/app/out/vs/workbench/workbench.desktop.main.js:116:519)
    at t (file:///snap/code/18/usr/share/code/resources/app/out/vs/workbench/workbench.desktop.main.js:5473:454)
[2019-10-17 16:31:12.134] [renderer1] [error] TreeError [MarkersPanel] Tree element not found: [object Object]: Error: TreeError [MarkersPanel] Tree element not found: [object Object]
    at t.ObjectTreeModel.getElementLocation (file:///snap/code/18/usr/share/code/resources/app/out/vs/workbench/workbench.desktop.main.js:134:322)
    at t.ObjectTreeModel.isCollapsed (file:///snap/code/18/usr/share/code/resources/app/out/vs/workbench/workbench.desktop.main.js:133:544)
    at W.isCollapsed (file:///snap/code/18/usr/share/code/resources/app/out/vs/workbench/workbench.desktop.main.js:1028:72)
    at z.revealMarkersForCurrentActiveEditor (file:///snap/code/18/usr/share/code/resources/app/out/vs/workbench/workbench.desktop.main.js:5826:628)
    at z.autoReveal (file:///snap/code/18/usr/share/code/resources/app/out/vs/workbench/workbench.desktop.main.js:5826:485)
    at z.onActiveEditorChanged (file:///snap/code/18/usr/share/code/resources/app/out/vs/workbench/workbench.desktop.main.js:5823:776)
    at _register.y.Event.any.e (file:///snap/code/18/usr/share/code/resources/app/out/vs/workbench/workbench.desktop.main.js:5822:754)
    at e (file:///snap/code/18/usr/share/code/resources/app/out/vs/workbench/workbench.desktop.main.js:112:963)
    at c.fire (file:///snap/code/18/usr/share/code/resources/app/out/vs/workbench/workbench.desktop.main.js:116:519)
    at e.doEmitActiveEditorChangeEvent (file:///snap/code/18/usr/share/code/resources/app/out/vs/workbench/workbench.desktop.main.js:4833:364)
    at e.handleActiveEditorChange (file:///snap/code/18/usr/share/code/resources/app/out/vs/workbench/workbench.desktop.main.js:4833:160)
    at t.add.e.onDidGroupChange.t (file:///snap/code/18/usr/share/code/resources/app/out/vs/workbench/workbench.desktop.main.js:4833:474)
    at c.fire (file:///snap/code/18/usr/share/code/resources/app/out/vs/workbench/workbench.desktop.main.js:116:519)
    at t (file:///snap/code/18/usr/share/code/resources/app/out/vs/workbench/workbench.desktop.main.js:5473:454)
[2019-10-17 16:32:12.175] [renderer1] [error] TreeError [MarkersPanel] Tree element not found: [object Object]: Error: TreeError [MarkersPanel] Tree element not found: [object Object]
    at t.ObjectTreeModel.getElementLocation (file:///snap/code/18/usr/share/code/resources/app/out/vs/workbench/workbench.desktop.main.js:134:322)
    at t.ObjectTreeModel.isCollapsed (file:///snap/code/18/usr/share/code/resources/app/out/vs/workbench/workbench.desktop.main.js:133:544)
    at W.isCollapsed (file:///snap/code/18/usr/share/code/resources/app/out/vs/workbench/workbench.desktop.main.js:1028:72)
    at z.revealMarkersForCurrentActiveEditor (file:///snap/code/18/usr/share/code/resources/app/out/vs/workbench/workbench.desktop.main.js:5826:628)
    at z.autoReveal (file:///snap/code/18/usr/share/code/resources/app/out/vs/workbench/workbench.desktop.main.js:5826:485)
    at z.onActiveEditorChanged (file:///snap/code/18/usr/share/code/resources/app/out/vs/workbench/workbench.desktop.main.js:5823:776)
    at _register.y.Event.any.e (file:///snap/code/18/usr/share/code/resources/app/out/vs/workbench/workbench.desktop.main.js:5822:754)
    at e (file:///snap/code/18/usr/share/code/resources/app/out/vs/workbench/workbench.desktop.main.js:112:963)
    at c.fire (file:///snap/code/18/usr/share/code/resources/app/out/vs/workbench/workbench.desktop.main.js:116:519)
    at e.doEmitActiveEditorChangeEvent (file:///snap/code/18/usr/share/code/resources/app/out/vs/workbench/workbench.desktop.main.js:4833:364)
    at e.handleActiveEditorChange (file:///snap/code/18/usr/share/code/resources/app/out/vs/workbench/workbench.desktop.main.js:4833:160)
    at t.add.e.onDidGroupChange.t (file:///snap/code/18/usr/share/code/resources/app/out/vs/workbench/workbench.desktop.main.js:4833:474)
    at c.fire (file:///snap/code/18/usr/share/code/resources/app/out/vs/workbench/workbench.desktop.main.js:116:519)
    at t (file:///snap/code/18/usr/share/code/resources/app/out/vs/workbench/workbench.desktop.main.js:5473:454)
[2019-10-17 16:32:59.159] [renderer1] [error] TreeError [MarkersPanel] Tree element not found: [object Object]: Error: TreeError [MarkersPanel] Tree element not found: [object Object]
    at t.ObjectTreeModel.getElementLocation (file:///snap/code/18/usr/share/code/resources/app/out/vs/workbench/workbench.desktop.main.js:134:322)
    at t.ObjectTreeModel.isCollapsed (file:///snap/code/18/usr/share/code/resources/app/out/vs/workbench/workbench.desktop.main.js:133:544)
    at W.isCollapsed (file:///snap/code/18/usr/share/code/resources/app/out/vs/workbench/workbench.desktop.main.js:1028:72)
    at z.revealMarkersForCurrentActiveEditor (file:///snap/code/18/usr/share/code/resources/app/out/vs/workbench/workbench.desktop.main.js:5826:628)
    at z.autoReveal (file:///snap/code/18/usr/share/code/resources/app/out/vs/workbench/workbench.desktop.main.js:5826:485)
    at z.onActiveEditorChanged (file:///snap/code/18/usr/share/code/resources/app/out/vs/workbench/workbench.desktop.main.js:5823:776)
    at _register.y.Event.any.e (file:///snap/code/18/usr/share/code/resources/app/out/vs/workbench/workbench.desktop.main.js:5822:754)
    at e (file:///snap/code/18/usr/share/code/resources/app/out/vs/workbench/workbench.desktop.main.js:112:963)
    at c.fire (file:///snap/code/18/usr/share/code/resources/app/out/vs/workbench/workbench.desktop.main.js:116:519)
    at e.doEmitActiveEditorChangeEvent (file:///snap/code/18/usr/share/code/resources/app/out/vs/workbench/workbench.desktop.main.js:4833:364)
    at e.handleActiveEditorChange (file:///snap/code/18/usr/share/code/resources/app/out/vs/workbench/workbench.desktop.main.js:4833:160)
    at t.add.e.onDidGroupChange.t (file:///snap/code/18/usr/share/code/resources/app/out/vs/workbench/workbench.desktop.main.js:4833:474)
    at c.fire (file:///snap/code/18/usr/share/code/resources/app/out/vs/workbench/workbench.desktop.main.js:116:519)
    at t (file:///snap/code/18/usr/share/code/resources/app/out/vs/workbench/workbench.desktop.main.js:5473:454)
[2019-10-17 16:34:42.836] [renderer1] [error] TreeError [MarkersPanel] Tree element not found: [object Object]: Error: TreeError [MarkersPanel] Tree element not found: [object Object]
    at t.ObjectTreeModel.getElementLocation (file:///snap/code/18/usr/share/code/resources/app/out/vs/workbench/workbench.desktop.main.js:134:322)
    at t.ObjectTreeModel.isCollapsed (file:///snap/code/18/usr/share/code/resources/app/out/vs/workbench/workbench.desktop.main.js:133:544)
    at W.isCollapsed (file:///snap/code/18/usr/share/code/resources/app/out/vs/workbench/workbench.desktop.main.js:1028:72)
    at z.revealMarkersForCurrentActiveEditor (file:///snap/code/18/usr/share/code/resources/app/out/vs/workbench/workbench.desktop.main.js:5826:628)
    at z.autoReveal (file:///snap/code/18/usr/share/code/resources/app/out/vs/workbench/workbench.desktop.main.js:5826:485)
    at z.onActiveEditorChanged (file:///snap/code/18/usr/share/code/resources/app/out/vs/workbench/workbench.desktop.main.js:5823:776)
    at _register.y.Event.any.e (file:///snap/code/18/usr/share/code/resources/app/out/vs/workbench/workbench.desktop.main.js:5822:754)
    at e (file:///snap/code/18/usr/share/code/resources/app/out/vs/workbench/workbench.desktop.main.js:112:963)
    at c.fire (file:///snap/code/18/usr/share/code/resources/app/out/vs/workbench/workbench.desktop.main.js:116:519)
    at e.doEmitActiveEditorChangeEvent (file:///snap/code/18/usr/share/code/resources/app/out/vs/workbench/workbench.desktop.main.js:4833:364)
    at e.handleActiveEditorChange (file:///snap/code/18/usr/share/code/resources/app/out/vs/workbench/workbench.desktop.main.js:4833:160)
    at t.add.e.onDidGroupChange.t (file:///snap/code/18/usr/share/code/resources/app/out/vs/workbench/workbench.desktop.main.js:4833:474)
    at c.fire (file:///snap/code/18/usr/share/code/resources/app/out/vs/workbench/workbench.desktop.main.js:116:519)
    at t (file:///snap/code/18/usr/share/code/resources/app/out/vs/workbench/workbench.desktop.main.js:5473:454)
[2019-10-17 16:47:34.066] [renderer1] [error] TreeError [MarkersPanel] Tree element not found: [object Object]: Error: TreeError [MarkersPanel] Tree element not found: [object Object]
    at t.ObjectTreeModel.getElementLocation (file:///snap/code/18/usr/share/code/resources/app/out/vs/workbench/workbench.desktop.main.js:134:322)
    at t.ObjectTreeModel.isCollapsed (file:///snap/code/18/usr/share/code/resources/app/out/vs/workbench/workbench.desktop.main.js:133:544)
    at W.isCollapsed (file:///snap/code/18/usr/share/code/resources/app/out/vs/workbench/workbench.desktop.main.js:1028:72)
    at z.revealMarkersForCurrentActiveEditor (file:///snap/code/18/usr/share/code/resources/app/out/vs/workbench/workbench.desktop.main.js:5826:628)
    at z.autoReveal (file:///snap/code/18/usr/share/code/resources/app/out/vs/workbench/workbench.desktop.main.js:5826:485)
    at z.onActiveEditorChanged (file:///snap/code/18/usr/share/code/resources/app/out/vs/workbench/workbench.desktop.main.js:5823:776)
    at _register.y.Event.any.e (file:///snap/code/18/usr/share/code/resources/app/out/vs/workbench/workbench.desktop.main.js:5822:754)
    at e (file:///snap/code/18/usr/share/code/resources/app/out/vs/workbench/workbench.desktop.main.js:112:963)
    at c.fire (file:///snap/code/18/usr/share/code/resources/app/out/vs/workbench/workbench.desktop.main.js:116:519)
    at e.doEmitActiveEditorChangeEvent (file:///snap/code/18/usr/share/code/resources/app/out/vs/workbench/workbench.desktop.main.js:4833:364)
    at e.handleActiveEditorChange (file:///snap/code/18/usr/share/code/resources/app/out/vs/workbench/workbench.desktop.main.js:4833:160)
    at t.add.e.onDidGroupChange.t (file:///snap/code/18/usr/share/code/resources/app/out/vs/workbench/workbench.desktop.main.js:4833:474)
    at c.fire (file:///snap/code/18/usr/share/code/resources/app/out/vs/workbench/workbench.desktop.main.js:116:519)
    at t (file:///snap/code/18/usr/share/code/resources/app/out/vs/workbench/workbench.desktop.main.js:5473:454)
[2019-10-17 16:48:32.086] [renderer1] [error] TreeError [MarkersPanel] Tree element not found: [object Object]: Error: TreeError [MarkersPanel] Tree element not found: [object Object]
    at t.ObjectTreeModel.getElementLocation (file:///snap/code/18/usr/share/code/resources/app/out/vs/workbench/workbench.desktop.main.js:134:322)
    at t.ObjectTreeModel.isCollapsed (file:///snap/code/18/usr/share/code/resources/app/out/vs/workbench/workbench.desktop.main.js:133:544)
    at W.isCollapsed (file:///snap/code/18/usr/share/code/resources/app/out/vs/workbench/workbench.desktop.main.js:1028:72)
    at z.revealMarkersForCurrentActiveEditor (file:///snap/code/18/usr/share/code/resources/app/out/vs/workbench/workbench.desktop.main.js:5826:628)
    at z.autoReveal (file:///snap/code/18/usr/share/code/resources/app/out/vs/workbench/workbench.desktop.main.js:5826:485)
    at z.onActiveEditorChanged (file:///snap/code/18/usr/share/code/resources/app/out/vs/workbench/workbench.desktop.main.js:5823:776)
    at _register.y.Event.any.e (file:///snap/code/18/usr/share/code/resources/app/out/vs/workbench/workbench.desktop.main.js:5822:754)
    at e (file:///snap/code/18/usr/share/code/resources/app/out/vs/workbench/workbench.desktop.main.js:112:963)
    at c.fire (file:///snap/code/18/usr/share/code/resources/app/out/vs/workbench/workbench.desktop.main.js:116:519)
    at e.doEmitActiveEditorChangeEvent (file:///snap/code/18/usr/share/code/resources/app/out/vs/workbench/workbench.desktop.main.js:4833:364)
    at e.handleActiveEditorChange (file:///snap/code/18/usr/share/code/resources/app/out/vs/workbench/workbench.desktop.main.js:4833:160)
    at t.add.e.onDidGroupChange.t (file:///snap/code/18/usr/share/code/resources/app/out/vs/workbench/workbench.desktop.main.js:4833:474)
    at c.fire (file:///snap/code/18/usr/share/code/resources/app/out/vs/workbench/workbench.desktop.main.js:116:519)
    at t (file:///snap/code/18/usr/share/code/resources/app/out/vs/workbench/workbench.desktop.main.js:5473:454)
[2019-10-17 16:48:59.358] [renderer1] [error] TreeError [MarkersPanel] Tree element not found: [object Object]: Error: TreeError [MarkersPanel] Tree element not found: [object Object]
    at t.ObjectTreeModel.getElementLocation (file:///snap/code/18/usr/share/code/resources/app/out/vs/workbench/workbench.desktop.main.js:134:322)
    at t.ObjectTreeModel.isCollapsed (file:///snap/code/18/usr/share/code/resources/app/out/vs/workbench/workbench.desktop.main.js:133:544)
    at W.isCollapsed (file:///snap/code/18/usr/share/code/resources/app/out/vs/workbench/workbench.desktop.main.js:1028:72)
    at z.revealMarkersForCurrentActiveEditor (file:///snap/code/18/usr/share/code/resources/app/out/vs/workbench/workbench.desktop.main.js:5826:628)
    at z.autoReveal (file:///snap/code/18/usr/share/code/resources/app/out/vs/workbench/workbench.desktop.main.js:5826:485)
    at z.onActiveEditorChanged (file:///snap/code/18/usr/share/code/resources/app/out/vs/workbench/workbench.desktop.main.js:5823:776)
    at _register.y.Event.any.e (file:///snap/code/18/usr/share/code/resources/app/out/vs/workbench/workbench.desktop.main.js:5822:754)
    at e (file:///snap/code/18/usr/share/code/resources/app/out/vs/workbench/workbench.desktop.main.js:112:963)
    at c.fire (file:///snap/code/18/usr/share/code/resources/app/out/vs/workbench/workbench.desktop.main.js:116:519)
    at e.doEmitActiveEditorChangeEvent (file:///snap/code/18/usr/share/code/resources/app/out/vs/workbench/workbench.desktop.main.js:4833:364)
    at e.handleActiveEditorChange (file:///snap/code/18/usr/share/code/resources/app/out/vs/workbench/workbench.desktop.main.js:4833:160)
    at t.add.e.onDidGroupChange.t (file:///snap/code/18/usr/share/code/resources/app/out/vs/workbench/workbench.desktop.main.js:4833:474)
    at c.fire (file:///snap/code/18/usr/share/code/resources/app/out/vs/workbench/workbench.desktop.main.js:116:519)
    at t (file:///snap/code/18/usr/share/code/resources/app/out/vs/workbench/workbench.desktop.main.js:5473:454)
[2019-10-17 16:49:22.339] [renderer1] [error] TreeError [MarkersPanel] Tree element not found: [object Object]: Error: TreeError [MarkersPanel] Tree element not found: [object Object]
    at t.ObjectTreeModel.getElementLocation (file:///snap/code/18/usr/share/code/resources/app/out/vs/workbench/workbench.desktop.main.js:134:322)
    at t.ObjectTreeModel.isCollapsed (file:///snap/code/18/usr/share/code/resources/app/out/vs/workbench/workbench.desktop.main.js:133:544)
    at W.isCollapsed (file:///snap/code/18/usr/share/code/resources/app/out/vs/workbench/workbench.desktop.main.js:1028:72)
    at z.revealMarkersForCurrentActiveEditor (file:///snap/code/18/usr/share/code/resources/app/out/vs/workbench/workbench.desktop.main.js:5826:628)
    at z.autoReveal (file:///snap/code/18/usr/share/code/resources/app/out/vs/workbench/workbench.desktop.main.js:5826:485)
    at z.onActiveEditorChanged (file:///snap/code/18/usr/share/code/resources/app/out/vs/workbench/workbench.desktop.main.js:5823:776)
    at _register.y.Event.any.e (file:///snap/code/18/usr/share/code/resources/app/out/vs/workbench/workbench.desktop.main.js:5822:754)
    at e (file:///snap/code/18/usr/share/code/resources/app/out/vs/workbench/workbench.desktop.main.js:112:963)
    at c.fire (file:///snap/code/18/usr/share/code/resources/app/out/vs/workbench/workbench.desktop.main.js:116:519)
    at e.doEmitActiveEditorChangeEvent (file:///snap/code/18/usr/share/code/resources/app/out/vs/workbench/workbench.desktop.main.js:4833:364)
    at e.handleActiveEditorChange (file:///snap/code/18/usr/share/code/resources/app/out/vs/workbench/workbench.desktop.main.js:4833:160)
    at t.add.e.onDidGroupChange.t (file:///snap/code/18/usr/share/code/resources/app/out/vs/workbench/workbench.desktop.main.js:4833:474)
    at c.fire (file:///snap/code/18/usr/share/code/resources/app/out/vs/workbench/workbench.desktop.main.js:116:519)
    at t (file:///snap/code/18/usr/share/code/resources/app/out/vs/workbench/workbench.desktop.main.js:5473:454)
[2019-10-17 16:55:48.746] [renderer1] [error] TreeError [MarkersPanel] Tree element not found: [object Object]: Error: TreeError [MarkersPanel] Tree element not found: [object Object]
    at t.ObjectTreeModel.getElementLocation (file:///snap/code/18/usr/share/code/resources/app/out/vs/workbench/workbench.desktop.main.js:134:322)
    at t.ObjectTreeModel.isCollapsed (file:///snap/code/18/usr/share/code/resources/app/out/vs/workbench/workbench.desktop.main.js:133:544)
    at W.isCollapsed (file:///snap/code/18/usr/share/code/resources/app/out/vs/workbench/workbench.desktop.main.js:1028:72)
    at z.revealMarkersForCurrentActiveEditor (file:///snap/code/18/usr/share/code/resources/app/out/vs/workbench/workbench.desktop.main.js:5826:628)
    at z.autoReveal (file:///snap/code/18/usr/share/code/resources/app/out/vs/workbench/workbench.desktop.main.js:5826:485)
    at z.onActiveEditorChanged (file:///snap/code/18/usr/share/code/resources/app/out/vs/workbench/workbench.desktop.main.js:5823:776)
    at _register.y.Event.any.e (file:///snap/code/18/usr/share/code/resources/app/out/vs/workbench/workbench.desktop.main.js:5822:754)
    at e (file:///snap/code/18/usr/share/code/resources/app/out/vs/workbench/workbench.desktop.main.js:112:963)
    at c.fire (file:///snap/code/18/usr/share/code/resources/app/out/vs/workbench/workbench.desktop.main.js:116:519)
    at e.doEmitActiveEditorChangeEvent (file:///snap/code/18/usr/share/code/resources/app/out/vs/workbench/workbench.desktop.main.js:4833:364)
    at e.handleActiveEditorChange (file:///snap/code/18/usr/share/code/resources/app/out/vs/workbench/workbench.desktop.main.js:4833:160)
    at t.add.e.onDidGroupChange.t (file:///snap/code/18/usr/share/code/resources/app/out/vs/workbench/workbench.desktop.main.js:4833:474)
    at c.fire (file:///snap/code/18/usr/share/code/resources/app/out/vs/workbench/workbench.desktop.main.js:116:519)
    at t (file:///snap/code/18/usr/share/code/resources/app/out/vs/workbench/workbench.desktop.main.js:5473:454)
[2019-10-17 17:00:17.444] [renderer1] [error] TreeError [MarkersPanel] Tree element not found: [object Object]: Error: TreeError [MarkersPanel] Tree element not found: [object Object]
    at t.ObjectTreeModel.getElementLocation (file:///snap/code/18/usr/share/code/resources/app/out/vs/workbench/workbench.desktop.main.js:134:322)
    at t.ObjectTreeModel.isCollapsed (file:///snap/code/18/usr/share/code/resources/app/out/vs/workbench/workbench.desktop.main.js:133:544)
    at W.isCollapsed (file:///snap/code/18/usr/share/code/resources/app/out/vs/workbench/workbench.desktop.main.js:1028:72)
    at z.revealMarkersForCurrentActiveEditor (file:///snap/code/18/usr/share/code/resources/app/out/vs/workbench/workbench.desktop.main.js:5826:628)
    at z.autoReveal (file:///snap/code/18/usr/share/code/resources/app/out/vs/workbench/workbench.desktop.main.js:5826:485)
    at z.onActiveEditorChanged (file:///snap/code/18/usr/share/code/resources/app/out/vs/workbench/workbench.desktop.main.js:5823:776)
    at _register.y.Event.any.e (file:///snap/code/18/usr/share/code/resources/app/out/vs/workbench/workbench.desktop.main.js:5822:754)
    at e (file:///snap/code/18/usr/share/code/resources/app/out/vs/workbench/workbench.desktop.main.js:112:963)
    at c.fire (file:///snap/code/18/usr/share/code/resources/app/out/vs/workbench/workbench.desktop.main.js:116:519)
    at e.doEmitActiveEditorChangeEvent (file:///snap/code/18/usr/share/code/resources/app/out/vs/workbench/workbench.desktop.main.js:4833:364)
    at e.handleActiveEditorChange (file:///snap/code/18/usr/share/code/resources/app/out/vs/workbench/workbench.desktop.main.js:4833:160)
    at t.add.e.onDidGroupChange.t (file:///snap/code/18/usr/share/code/resources/app/out/vs/workbench/workbench.desktop.main.js:4833:474)
    at c.fire (file:///snap/code/18/usr/share/code/resources/app/out/vs/workbench/workbench.desktop.main.js:116:519)
    at t (file:///snap/code/18/usr/share/code/resources/app/out/vs/workbench/workbench.desktop.main.js:5473:454)
[2019-10-17 17:48:09.990] [renderer1] [error] TreeError [MarkersPanel] Tree element not found: [object Object]: Error: TreeError [MarkersPanel] Tree element not found: [object Object]
    at t.ObjectTreeModel.getElementLocation (file:///snap/code/18/usr/share/code/resources/app/out/vs/workbench/workbench.desktop.main.js:134:322)
    at t.ObjectTreeModel.isCollapsed (file:///snap/code/18/usr/share/code/resources/app/out/vs/workbench/workbench.desktop.main.js:133:544)
    at W.isCollapsed (file:///snap/code/18/usr/share/code/resources/app/out/vs/workbench/workbench.desktop.main.js:1028:72)
    at z.revealMarkersForCurrentActiveEditor (file:///snap/code/18/usr/share/code/resources/app/out/vs/workbench/workbench.desktop.main.js:5826:628)
    at z.autoReveal (file:///snap/code/18/usr/share/code/resources/app/out/vs/workbench/workbench.desktop.main.js:5826:485)
    at z.onActiveEditorChanged (file:///snap/code/18/usr/share/code/resources/app/out/vs/workbench/workbench.desktop.main.js:5823:776)
    at _register.y.Event.any.e (file:///snap/code/18/usr/share/code/resources/app/out/vs/workbench/workbench.desktop.main.js:5822:754)
    at e (file:///snap/code/18/usr/share/code/resources/app/out/vs/workbench/workbench.desktop.main.js:112:963)
    at c.fire (file:///snap/code/18/usr/share/code/resources/app/out/vs/workbench/workbench.desktop.main.js:116:519)
    at e.doEmitActiveEditorChangeEvent (file:///snap/code/18/usr/share/code/resources/app/out/vs/workbench/workbench.desktop.main.js:4833:364)
    at e.handleActiveEditorChange (file:///snap/code/18/usr/share/code/resources/app/out/vs/workbench/workbench.desktop.main.js:4833:160)
    at t.add.e.onDidGroupChange.t (file:///snap/code/18/usr/share/code/resources/app/out/vs/workbench/workbench.desktop.main.js:4833:474)
    at c.fire (file:///snap/code/18/usr/share/code/resources/app/out/vs/workbench/workbench.desktop.main.js:116:519)
    at t (file:///snap/code/18/usr/share/code/resources/app/out/vs/workbench/workbench.desktop.main.js:5473:454)
[2019-10-17 17:48:38.327] [renderer1] [error] TreeError [MarkersPanel] Tree element not found: [object Object]: Error: TreeError [MarkersPanel] Tree element not found: [object Object]
    at t.ObjectTreeModel.getElementLocation (file:///snap/code/18/usr/share/code/resources/app/out/vs/workbench/workbench.desktop.main.js:134:322)
    at t.ObjectTreeModel.isCollapsed (file:///snap/code/18/usr/share/code/resources/app/out/vs/workbench/workbench.desktop.main.js:133:544)
    at W.isCollapsed (file:///snap/code/18/usr/share/code/resources/app/out/vs/workbench/workbench.desktop.main.js:1028:72)
    at z.revealMarkersForCurrentActiveEditor (file:///snap/code/18/usr/share/code/resources/app/out/vs/workbench/workbench.desktop.main.js:5826:628)
    at z.autoReveal (file:///snap/code/18/usr/share/code/resources/app/out/vs/workbench/workbench.desktop.main.js:5826:485)
    at z.onActiveEditorChanged (file:///snap/code/18/usr/share/code/resources/app/out/vs/workbench/workbench.desktop.main.js:5823:776)
    at _register.y.Event.any.e (file:///snap/code/18/usr/share/code/resources/app/out/vs/workbench/workbench.desktop.main.js:5822:754)
    at e (file:///snap/code/18/usr/share/code/resources/app/out/vs/workbench/workbench.desktop.main.js:112:963)
    at c.fire (file:///snap/code/18/usr/share/code/resources/app/out/vs/workbench/workbench.desktop.main.js:116:519)
    at e.doEmitActiveEditorChangeEvent (file:///snap/code/18/usr/share/code/resources/app/out/vs/workbench/workbench.desktop.main.js:4833:364)
    at e.handleActiveEditorChange (file:///snap/code/18/usr/share/code/resources/app/out/vs/workbench/workbench.desktop.main.js:4833:160)
    at t.add.e.onDidGroupChange.t (file:///snap/code/18/usr/share/code/resources/app/out/vs/workbench/workbench.desktop.main.js:4833:474)
    at c.fire (file:///snap/code/18/usr/share/code/resources/app/out/vs/workbench/workbench.desktop.main.js:116:519)
    at t (file:///snap/code/18/usr/share/code/resources/app/out/vs/workbench/workbench.desktop.main.js:5473:454)
[2019-10-17 18:04:04.424] [renderer1] [error] TreeError [MarkersPanel] Tree element not found: [object Object]: Error: TreeError [MarkersPanel] Tree element not found: [object Object]
    at t.ObjectTreeModel.getElementLocation (file:///snap/code/18/usr/share/code/resources/app/out/vs/workbench/workbench.desktop.main.js:134:322)
    at t.ObjectTreeModel.isCollapsed (file:///snap/code/18/usr/share/code/resources/app/out/vs/workbench/workbench.desktop.main.js:133:544)
    at W.isCollapsed (file:///snap/code/18/usr/share/code/resources/app/out/vs/workbench/workbench.desktop.main.js:1028:72)
    at z.revealMarkersForCurrentActiveEditor (file:///snap/code/18/usr/share/code/resources/app/out/vs/workbench/workbench.desktop.main.js:5826:628)
    at z.autoReveal (file:///snap/code/18/usr/share/code/resources/app/out/vs/workbench/workbench.desktop.main.js:5826:485)
    at z.onActiveEditorChanged (file:///snap/code/18/usr/share/code/resources/app/out/vs/workbench/workbench.desktop.main.js:5823:776)
    at _register.y.Event.any.e (file:///snap/code/18/usr/share/code/resources/app/out/vs/workbench/workbench.desktop.main.js:5822:754)
    at e (file:///snap/code/18/usr/share/code/resources/app/out/vs/workbench/workbench.desktop.main.js:112:963)
    at c.fire (file:///snap/code/18/usr/share/code/resources/app/out/vs/workbench/workbench.desktop.main.js:116:519)
    at e.doEmitActiveEditorChangeEvent (file:///snap/code/18/usr/share/code/resources/app/out/vs/workbench/workbench.desktop.main.js:4833:364)
    at e.handleActiveEditorChange (file:///snap/code/18/usr/share/code/resources/app/out/vs/workbench/workbench.desktop.main.js:4833:160)
    at t.add.e.onDidGroupChange.t (file:///snap/code/18/usr/share/code/resources/app/out/vs/workbench/workbench.desktop.main.js:4833:474)
    at c.fire (file:///snap/code/18/usr/share/code/resources/app/out/vs/workbench/workbench.desktop.main.js:116:519)
    at t (file:///snap/code/18/usr/share/code/resources/app/out/vs/workbench/workbench.desktop.main.js:5473:454)
[2019-10-17 18:07:03.243] [renderer1] [error] TreeError [MarkersPanel] Tree element not found: [object Object]: Error: TreeError [MarkersPanel] Tree element not found: [object Object]
    at t.ObjectTreeModel.getElementLocation (file:///snap/code/18/usr/share/code/resources/app/out/vs/workbench/workbench.desktop.main.js:134:322)
    at t.ObjectTreeModel.isCollapsed (file:///snap/code/18/usr/share/code/resources/app/out/vs/workbench/workbench.desktop.main.js:133:544)
    at W.isCollapsed (file:///snap/code/18/usr/share/code/resources/app/out/vs/workbench/workbench.desktop.main.js:1028:72)
    at z.revealMarkersForCurrentActiveEditor (file:///snap/code/18/usr/share/code/resources/app/out/vs/workbench/workbench.desktop.main.js:5826:628)
    at z.autoReveal (file:///snap/code/18/usr/share/code/resources/app/out/vs/workbench/workbench.desktop.main.js:5826:485)
    at z.onActiveEditorChanged (file:///snap/code/18/usr/share/code/resources/app/out/vs/workbench/workbench.desktop.main.js:5823:776)
    at _register.y.Event.any.e (file:///snap/code/18/usr/share/code/resources/app/out/vs/workbench/workbench.desktop.main.js:5822:754)
    at e (file:///snap/code/18/usr/share/code/resources/app/out/vs/workbench/workbench.desktop.main.js:112:963)
    at c.fire (file:///snap/code/18/usr/share/code/resources/app/out/vs/workbench/workbench.desktop.main.js:116:519)
    at e.doEmitActiveEditorChangeEvent (file:///snap/code/18/usr/share/code/resources/app/out/vs/workbench/workbench.desktop.main.js:4833:364)
    at e.handleActiveEditorChange (file:///snap/code/18/usr/share/code/resources/app/out/vs/workbench/workbench.desktop.main.js:4833:160)
    at t.add.e.onDidGroupChange.t (file:///snap/code/18/usr/share/code/resources/app/out/vs/workbench/workbench.desktop.main.js:4833:474)
    at c.fire (file:///snap/code/18/usr/share/code/resources/app/out/vs/workbench/workbench.desktop.main.js:116:519)
    at t (file:///snap/code/18/usr/share/code/resources/app/out/vs/workbench/workbench.desktop.main.js:5473:454)
