[Error - 2:21:18 AM] solium error: Error: A valid source code string was not provided.
file:///home/ingmedical16/exercices/Semaine1/Exercices/jour2/SeceneOuverte.sol
[Error - 2:21:25 AM] solium error: Error: A valid source code string was not provided.
file:///home/ingmedical16/exercices/Semaine1/Exercices/jour2/SeceneOuverte.sol
[Error - 2:21:35 AM] solium error: Error: A valid source code string was not provided.
file:///home/ingmedical16/exercices/Semaine1/Exercices/jour2/SeceneOuverte.sol
[Error - 2:21:47 AM] solium error: Error: A valid source code string was not provided.
file:///home/ingmedical16/exercices/Semaine1/Exercices/jour2/SeceneOuverte.sol
file:///home/ingmedical16/exercices/Semaine1/Exercices/jour2/SeceneOuverte.sol
file:///home/ingmedical16/exercices/Semaine1/Exercices/jour2/smartContract/SeceneOuverte.sol
file:///home/ingmedical16/exercices/Semaine1/Exercices/jour2/smartContract/SeceneOuverte.sol
file:///home/ingmedical16/exercices/Semaine1/Exercices/jour2/smartContract/SeceneOuverte.sol
file:///home/ingmedical16/exercices/Semaine1/Exercices/jour2/smartContract/SeceneOuverte.sol
file:///home/ingmedical16/exercices/Semaine1/Exercices/jour2/smartContract/SeceneOuverte.sol
[Error - 2:25:45 AM] solium error: SyntaxError: An error occured while parsing the source code: Expected "0" or [1-9] but ";" found. Line: 2, Column: 22
file:///home/ingmedical16/exercices/Semaine1/Exercices/jour2/smartContract/SeceneOuverte.sol
file:///home/ingmedical16/exercices/Semaine1/Exercices/jour2/smartContract/SeceneOuverte.sol
file:///home/ingmedical16/exercices/Semaine1/Exercices/jour2/smartContract/SeceneOuverte.sol
file:///home/ingmedical16/exercices/Semaine1/Exercices/jour2/smartContract/SeceneOuverte.sol
file:///home/ingmedical16/exercices/Semaine1/Exercices/jour2/smartContract/SeceneOuverte.sol
[Error - 2:26:33 AM] solium error: SyntaxError: An error occured while parsing the source code: Expected "0" or [1-9] but "." found. Line: 2, Column: 20
file:///home/ingmedical16/exercices/Semaine1/Exercices/jour2/smartContract/SeceneOuverte.sol
file:///home/ingmedical16/exercices/Semaine1/Exercices/jour2/smartContract/SeceneOuverte.sol
file:///home/ingmedical16/exercices/Semaine1/Exercices/jour2/smartContract/SeceneOuverte.sol
file:///home/ingmedical16/exercices/Semaine1/Exercices/jour2/smartContract/SeceneOuverte.sol
file:///home/ingmedical16/exercices/Semaine1/Exercices/jour2/smartContract/SeceneOuverte.sol
file:///home/ingmedical16/exercices/Semaine1/Exercices/jour2/smartContract/SeceneOuverte.sol
file:///home/ingmedical16/exercices/Semaine1/Exercices/jour2/smartContract/SeceneOuverte.sol
file:///home/ingmedical16/exercices/Semaine1/Exercices/jour2/smartContract/SeceneOuverte.sol
file:///home/ingmedical16/exercices/Semaine1/Exercices/jour2/smartContract/SeceneOuverte.sol
file:///home/ingmedical16/exercices/Semaine1/Exercices/jour2/smartContract/SeceneOuverte.sol
file:///home/ingmedical16/exercices/Semaine1/Exercices/jour2/smartContract/SeceneOuverte.sol
file:///home/ingmedical16/exercices/Semaine1/Exercices/jour2/smartContract/SeceneOuverte.sol
file:///home/ingmedical16/exercices/Semaine1/Exercices/jour2/smartContract/SeceneOuverte.sol
file:///home/ingmedical16/exercices/Semaine1/Exercices/jour2/smartContract/SeceneOuverte.sol
file:///home/ingmedical16/exercices/Semaine1/Exercices/jour2/smartContract/SeceneOuverte.sol
file:///home/ingmedical16/exercices/Semaine1/Exercices/jour2/smartContract/SeceneOuverte.sol
file:///home/ingmedical16/exercices/Semaine1/Exercices/jour2/smartContract/SeceneOuverte.sol
file:///home/ingmedical16/exercices/Semaine1/Exercices/jour2/smartContract/SeceneOuverte.sol
file:///home/ingmedical16/exercices/Semaine1/Exercices/jour2/smartContract/SeceneOuverte.sol
file:///home/ingmedical16/exercices/Semaine1/Exercices/jour2/smartContract/SeceneOuverte.sol
file:///home/ingmedical16/exercices/Semaine1/Exercices/jour2/smartContract/SeceneOuverte.sol
file:///home/ingmedical16/exercices/Semaine1/Exercices/jour2/smartContract/SeceneOuverte.sol
file:///home/ingmedical16/exercices/Semaine1/Exercices/jour2/smartContract/SeceneOuverte.sol
file:///home/ingmedical16/exercices/Semaine1/Exercices/jour2/smartContract/SeceneOuverte.sol
file:///home/ingmedical16/exercices/Semaine1/Exercices/jour2/smartContract/SeceneOuverte.sol
file:///home/ingmedical16/exercices/Semaine1/Exercices/jour2/smartContract/SeceneOuverte.sol
file:///home/ingmedical16/exercices/Semaine1/Exercices/jour2/smartContract/SeceneOuverte.sol
file:///home/ingmedical16/exercices/Semaine1/Exercices/jour2/smartContract/SeceneOuverte.sol
file:///home/ingmedical16/exercices/Semaine1/Exercices/jour2/smartContract/SeceneOuverte.sol
file:///home/ingmedical16/exercices/Semaine1/Exercices/jour2/smartContract/SeceneOuverte.sol
file:///home/ingmedical16/exercices/Semaine1/Exercices/jour2/smartContract/SeceneOuverte.sol
file:///home/ingmedical16/exercices/Semaine1/Exercices/jour2/smartContract/SeceneOuverte.sol
file:///home/ingmedical16/exercices/Semaine1/Exercices/jour2/smartContract/SeceneOuverte.sol
file:///home/ingmedical16/exercices/Semaine1/Exercices/jour2/smartContract/SeceneOuverte.sol
file:///home/ingmedical16/exercices/Semaine1/Exercices/jour2/smartContract/SeceneOuverte.sol
file:///home/ingmedical16/exercices/Semaine1/Exercices/jour2/smartContract/SeceneOuverte.sol
file:///home/ingmedical16/exercices/Semaine1/Exercices/jour2/smartContract/SeceneOuverte.sol
file:///home/ingmedical16/exercices/Semaine1/Exercices/jour2/smartContract/SeceneOuverte.sol
file:///home/ingmedical16/exercices/Semaine1/Exercices/jour2/smartContract/SeceneOuverte.sol
file:///home/ingmedical16/exercices/Semaine1/Exercices/jour2/smartContract/SeceneOuverte.sol
