[2019-10-15 23:32:04.991] [exthost] [info] extension host started
[2019-10-15 23:32:05.160] [exthost] [info] ExtensionService#_doActivateExtension vscode.debug-auto-launch {"startup":true,"extensionId":{"value":"vscode.debug-auto-launch","_lower":"vscode.debug-auto-launch"},"activationEvent":"*"}
[2019-10-15 23:32:05.161] [exthost] [info] ExtensionService#loadCommonJSModule file:///snap/code/17/usr/share/code/resources/app/extensions/debug-auto-launch/dist/extension
[2019-10-15 23:32:05.188] [exthost] [info] ExtensionService#_doActivateExtension vscode.emmet {"startup":true,"extensionId":{"value":"vscode.emmet","_lower":"vscode.emmet"},"activationEvent":"*"}
[2019-10-15 23:32:05.188] [exthost] [info] ExtensionService#loadCommonJSModule file:///snap/code/17/usr/share/code/resources/app/extensions/emmet/dist/extension
[2019-10-15 23:32:05.384] [exthost] [info] ExtensionService#_doActivateExtension vscode.git {"startup":true,"extensionId":{"value":"vscode.git","_lower":"vscode.git"},"activationEvent":"*"}
[2019-10-15 23:32:05.384] [exthost] [info] ExtensionService#loadCommonJSModule file:///snap/code/17/usr/share/code/resources/app/extensions/git/dist/main
[2019-10-15 23:32:05.625] [exthost] [info] ExtensionService#_doActivateExtension vscode.merge-conflict {"startup":true,"extensionId":{"value":"vscode.merge-conflict","_lower":"vscode.merge-conflict"},"activationEvent":"*"}
[2019-10-15 23:32:05.625] [exthost] [info] ExtensionService#loadCommonJSModule file:///snap/code/17/usr/share/code/resources/app/extensions/merge-conflict/dist/extension
[2019-10-15 23:32:05.635] [exthost] [info] ExtensionService#_doActivateExtension alefragnani.project-manager {"startup":true,"extensionId":{"value":"alefragnani.project-manager","_lower":"alefragnani.project-manager"},"activationEvent":"*"}
[2019-10-15 23:32:05.636] [exthost] [info] ExtensionService#loadCommonJSModule file:///home/ingmedical16/.vscode/extensions/alefragnani.project-manager-10.8.0/dist/extension
[2019-10-15 23:32:05.686] [exthost] [info] ExtensionService#_doActivateExtension dbaeumer.vscode-eslint {"startup":true,"extensionId":{"value":"dbaeumer.vscode-eslint","_lower":"dbaeumer.vscode-eslint"},"activationEvent":"*"}
[2019-10-15 23:32:05.686] [exthost] [info] ExtensionService#loadCommonJSModule file:///home/ingmedical16/.vscode/extensions/dbaeumer.vscode-eslint-1.9.1/client/out/extension
[2019-10-15 23:32:05.782] [exthost] [info] ExtensionService#_doActivateExtension eamodio.gitlens {"startup":true,"extensionId":{"value":"eamodio.gitlens","_lower":"eamodio.gitlens"},"activationEvent":"*"}
[2019-10-15 23:32:05.782] [exthost] [info] ExtensionService#loadCommonJSModule file:///home/ingmedical16/.vscode/extensions/eamodio.gitlens-10.1.1/dist/extension
[2019-10-15 23:32:06.075] [exthost] [info] eager extensions activated
[2019-10-15 23:32:07.008] [exthost] [info] ExtensionService#_doActivateExtension vscode.html-language-features {"startup":false,"extensionId":{"value":"vscode.html-language-features","_lower":"vscode.html-language-features"},"activationEvent":"onLanguage:html"}
[2019-10-15 23:32:07.008] [exthost] [info] ExtensionService#loadCommonJSModule file:///snap/code/17/usr/share/code/resources/app/extensions/html-language-features/client/dist/htmlMain
[2019-10-15 23:32:53.948] [exthost] [info] extension host started
[2019-10-15 23:32:54.022] [exthost] [info] ExtensionService#_doActivateExtension vscode.debug-auto-launch {"startup":true,"extensionId":{"value":"vscode.debug-auto-launch","_lower":"vscode.debug-auto-launch"},"activationEvent":"*"}
[2019-10-15 23:32:54.023] [exthost] [info] ExtensionService#loadCommonJSModule file:///snap/code/17/usr/share/code/resources/app/extensions/debug-auto-launch/dist/extension
[2019-10-15 23:32:54.036] [exthost] [info] ExtensionService#_doActivateExtension vscode.emmet {"startup":true,"extensionId":{"value":"vscode.emmet","_lower":"vscode.emmet"},"activationEvent":"*"}
[2019-10-15 23:32:54.036] [exthost] [info] ExtensionService#loadCommonJSModule file:///snap/code/17/usr/share/code/resources/app/extensions/emmet/dist/extension
[2019-10-15 23:32:54.284] [exthost] [info] ExtensionService#_doActivateExtension vscode.git {"startup":true,"extensionId":{"value":"vscode.git","_lower":"vscode.git"},"activationEvent":"*"}
[2019-10-15 23:32:54.285] [exthost] [info] ExtensionService#loadCommonJSModule file:///snap/code/17/usr/share/code/resources/app/extensions/git/dist/main
[2019-10-15 23:32:54.535] [exthost] [info] ExtensionService#_doActivateExtension vscode.merge-conflict {"startup":true,"extensionId":{"value":"vscode.merge-conflict","_lower":"vscode.merge-conflict"},"activationEvent":"*"}
[2019-10-15 23:32:54.535] [exthost] [info] ExtensionService#loadCommonJSModule file:///snap/code/17/usr/share/code/resources/app/extensions/merge-conflict/dist/extension
[2019-10-15 23:32:54.553] [exthost] [info] ExtensionService#_doActivateExtension alefragnani.project-manager {"startup":true,"extensionId":{"value":"alefragnani.project-manager","_lower":"alefragnani.project-manager"},"activationEvent":"*"}
[2019-10-15 23:32:54.553] [exthost] [info] ExtensionService#loadCommonJSModule file:///home/ingmedical16/.vscode/extensions/alefragnani.project-manager-10.8.0/dist/extension
[2019-10-15 23:32:54.589] [exthost] [info] ExtensionService#_doActivateExtension dbaeumer.vscode-eslint {"startup":true,"extensionId":{"value":"dbaeumer.vscode-eslint","_lower":"dbaeumer.vscode-eslint"},"activationEvent":"*"}
[2019-10-15 23:32:54.589] [exthost] [info] ExtensionService#loadCommonJSModule file:///home/ingmedical16/.vscode/extensions/dbaeumer.vscode-eslint-1.9.1/client/out/extension
[2019-10-15 23:32:54.665] [exthost] [info] ExtensionService#_doActivateExtension eamodio.gitlens {"startup":true,"extensionId":{"value":"eamodio.gitlens","_lower":"eamodio.gitlens"},"activationEvent":"*"}
[2019-10-15 23:32:54.666] [exthost] [info] ExtensionService#loadCommonJSModule file:///home/ingmedical16/.vscode/extensions/eamodio.gitlens-10.1.1/dist/extension
[2019-10-15 23:32:54.901] [exthost] [info] eager extensions activated
