[Info  - 8:55:11 PM] ESLint server stopped.
[Info  - 8:55:11 PM] ESLint server running in node v10.11.0
[Info  - 8:55:11 PM] ESLint server is running.
[Info  - 8:55:14 PM] 
Failed to load the ESLint library for the document /home/ingmedical16/exercices/Semaine1/Exercices/jour2/hachageCorrection.js

To use ESLint please install eslint by running npm install eslint in the workspace folder exercices
or globally using 'npm install -g eslint'. You need to reopen the workspace after installing eslint.

If you are using yarn or pnpm instead of npm set the setting `eslint.packageManager` to either `yarn` or `pnpm`
Alternatively you can disable ESLint for the workspace folder exercices by executing the 'Disable ESLint' command.
[Info  - 10:53:01 PM] 
Failed to load the ESLint library for the document /home/ingmedical16/exercices/Semaine1/Exercices/jour2/hachage2.js

To use ESLint please install eslint by running npm install eslint in the workspace folder exercices
or globally using 'npm install -g eslint'. You need to reopen the workspace after installing eslint.

If you are using yarn or pnpm instead of npm set the setting `eslint.packageManager` to either `yarn` or `pnpm`
Alternatively you can disable ESLint for the workspace folder exercices by executing the 'Disable ESLint' command.
[Info  - 10:53:03 PM] 
Failed to load the ESLint library for the document /home/ingmedical16/exercices/Semaine1/Exercices/jour2/hachage.js

To use ESLint please install eslint by running npm install eslint in the workspace folder exercices
or globally using 'npm install -g eslint'. You need to reopen the workspace after installing eslint.

If you are using yarn or pnpm instead of npm set the setting `eslint.packageManager` to either `yarn` or `pnpm`
Alternatively you can disable ESLint for the workspace folder exercices by executing the 'Disable ESLint' command.
[Info  - 10:53:33 PM] 
Failed to load the ESLint library for the document /home/ingmedical16/exercices/Semaine1/HomeWork/exercices1-2-5/arbare.js

To use ESLint please install eslint by running npm install eslint in the workspace folder exercices
or globally using 'npm install -g eslint'. You need to reopen the workspace after installing eslint.

If you are using yarn or pnpm instead of npm set the setting `eslint.packageManager` to either `yarn` or `pnpm`
Alternatively you can disable ESLint for the workspace folder exercices by executing the 'Disable ESLint' command.
[Info  - 2:53:25 AM] 
Failed to load the ESLint library for the document /home/ingmedical16/exercices/ChainSkills/BinarySearchTree.js

To use ESLint please install eslint by running npm install eslint in the workspace folder exercices
or globally using 'npm install -g eslint'. You need to reopen the workspace after installing eslint.

If you are using yarn or pnpm instead of npm set the setting `eslint.packageManager` to either `yarn` or `pnpm`
Alternatively you can disable ESLint for the workspace folder exercices by executing the 'Disable ESLint' command.
[Info  - 3:01:43 AM] 
Failed to load the ESLint library for the document /home/ingmedical16/exercices/ChainSkills/binarySearchTree.js

To use ESLint please install eslint by running npm install eslint in the workspace folder exercices
or globally using 'npm install -g eslint'. You need to reopen the workspace after installing eslint.

If you are using yarn or pnpm instead of npm set the setting `eslint.packageManager` to either `yarn` or `pnpm`
Alternatively you can disable ESLint for the workspace folder exercices by executing the 'Disable ESLint' command.
[Info  - 11:26:59 AM] 
Failed to load the ESLint library for the document /home/ingmedical16/exercices/Semaine1/Exercices/jour2/hachage.js

To use ESLint please install eslint by running npm install eslint in the workspace folder exercices
or globally using 'npm install -g eslint'. You need to reopen the workspace after installing eslint.

If you are using yarn or pnpm instead of npm set the setting `eslint.packageManager` to either `yarn` or `pnpm`
Alternatively you can disable ESLint for the workspace folder exercices by executing the 'Disable ESLint' command.
[Info  - 11:31:40 AM] 
Failed to load the ESLint library for the document /home/ingmedical16/exercices/Semaine1/HomeWork/exercices1-3-5/genererAdresseBitcoin.js

To use ESLint please install eslint by running npm install eslint in the workspace folder exercices
or globally using 'npm install -g eslint'. You need to reopen the workspace after installing eslint.

If you are using yarn or pnpm instead of npm set the setting `eslint.packageManager` to either `yarn` or `pnpm`
Alternatively you can disable ESLint for the workspace folder exercices by executing the 'Disable ESLint' command.
[Info  - 11:33:45 AM] 
Failed to load the ESLint library for the document /home/ingmedical16/exercices/Semaine1/Exercices/jour2/hachage2.js

To use ESLint please install eslint by running npm install eslint in the workspace folder exercices
or globally using 'npm install -g eslint'. You need to reopen the workspace after installing eslint.

If you are using yarn or pnpm instead of npm set the setting `eslint.packageManager` to either `yarn` or `pnpm`
Alternatively you can disable ESLint for the workspace folder exercices by executing the 'Disable ESLint' command.
[Info  - 11:38:59 AM] 
Failed to load the ESLint library for the document /home/ingmedical16/exercices/Semaine1/Exercices/jour2/hachageCorrection.js

To use ESLint please install eslint by running npm install eslint in the workspace folder exercices
or globally using 'npm install -g eslint'. You need to reopen the workspace after installing eslint.

If you are using yarn or pnpm instead of npm set the setting `eslint.packageManager` to either `yarn` or `pnpm`
Alternatively you can disable ESLint for the workspace folder exercices by executing the 'Disable ESLint' command.
[Info  - 12:00:36 PM] 
Failed to load the ESLint library for the document /home/ingmedical16/exercices/Semaine1/Exercices/jour2/hachage.nw.js

To use ESLint please install eslint by running npm install eslint in the workspace folder exercices
or globally using 'npm install -g eslint'. You need to reopen the workspace after installing eslint.

If you are using yarn or pnpm instead of npm set the setting `eslint.packageManager` to either `yarn` or `pnpm`
Alternatively you can disable ESLint for the workspace folder exercices by executing the 'Disable ESLint' command.
[Info  - 1:28:09 PM] 
Failed to load the ESLint library for the document /home/ingmedical16/exercices/Semaine1/HomeWork/exercices1-3-5/bitcoin-address-generator.js

To use ESLint please install eslint by running npm install eslint in the workspace folder exercices
or globally using 'npm install -g eslint'. You need to reopen the workspace after installing eslint.

If you are using yarn or pnpm instead of npm set the setting `eslint.packageManager` to either `yarn` or `pnpm`
Alternatively you can disable ESLint for the workspace folder exercices by executing the 'Disable ESLint' command.
[Info  - 3:12:26 PM] 
Failed to load the ESLint library for the document /home/ingmedical16/exercices/Semaine1/HomeWork/exercices1-3-5/bitcoin-address-generator.js

To use ESLint please install eslint by running npm install eslint in the workspace folder exercices
or globally using 'npm install -g eslint'. You need to reopen the workspace after installing eslint.

If you are using yarn or pnpm instead of npm set the setting `eslint.packageManager` to either `yarn` or `pnpm`
Alternatively you can disable ESLint for the workspace folder exercices by executing the 'Disable ESLint' command.
[Info  - 3:12:26 PM] 
Failed to load the ESLint library for the document /home/ingmedical16/exercices/Semaine1/HomeWork/exercices1-3-5/genererAdresseBitcoin.js

To use ESLint please install eslint by running npm install eslint in the workspace folder exercices
or globally using 'npm install -g eslint'. You need to reopen the workspace after installing eslint.

If you are using yarn or pnpm instead of npm set the setting `eslint.packageManager` to either `yarn` or `pnpm`
Alternatively you can disable ESLint for the workspace folder exercices by executing the 'Disable ESLint' command.
[Info  - 3:12:26 PM] 
Failed to load the ESLint library for the document /home/ingmedical16/exercices/Semaine1/Exercices/jour2/hachage.nw.js

To use ESLint please install eslint by running npm install eslint in the workspace folder exercices
or globally using 'npm install -g eslint'. You need to reopen the workspace after installing eslint.

If you are using yarn or pnpm instead of npm set the setting `eslint.packageManager` to either `yarn` or `pnpm`
Alternatively you can disable ESLint for the workspace folder exercices by executing the 'Disable ESLint' command.
[Info  - 3:12:26 PM] 
Failed to load the ESLint library for the document /home/ingmedical16/exercices/ChainSkills/binarySearchTree.js

To use ESLint please install eslint by running npm install eslint in the workspace folder exercices
or globally using 'npm install -g eslint'. You need to reopen the workspace after installing eslint.

If you are using yarn or pnpm instead of npm set the setting `eslint.packageManager` to either `yarn` or `pnpm`
Alternatively you can disable ESLint for the workspace folder exercices by executing the 'Disable ESLint' command.
[Info  - 3:12:26 PM] 
Failed to load the ESLint library for the document /home/ingmedical16/exercices/Semaine1/Exercices/jour2/hachage.js

To use ESLint please install eslint by running npm install eslint in the workspace folder exercices
or globally using 'npm install -g eslint'. You need to reopen the workspace after installing eslint.

If you are using yarn or pnpm instead of npm set the setting `eslint.packageManager` to either `yarn` or `pnpm`
Alternatively you can disable ESLint for the workspace folder exercices by executing the 'Disable ESLint' command.
[Info  - 3:38:11 PM] 
Failed to load the ESLint library for the document /home/ingmedical16/exercices/Semaine1/HomeWork/exercices1-2-5/arbare.js

To use ESLint please install eslint by running npm install eslint in the workspace folder exercices
or globally using 'npm install -g eslint'. You need to reopen the workspace after installing eslint.

If you are using yarn or pnpm instead of npm set the setting `eslint.packageManager` to either `yarn` or `pnpm`
Alternatively you can disable ESLint for the workspace folder exercices by executing the 'Disable ESLint' command.
[Info  - 3:57:24 PM] 
Failed to load the ESLint library for the document /home/ingmedical16/exercices/Semaine1/HomeWork/exercices1-2-5/arbreFr.js

To use ESLint please install eslint by running npm install eslint in the workspace folder exercices
or globally using 'npm install -g eslint'. You need to reopen the workspace after installing eslint.

If you are using yarn or pnpm instead of npm set the setting `eslint.packageManager` to either `yarn` or `pnpm`
Alternatively you can disable ESLint for the workspace folder exercices by executing the 'Disable ESLint' command.
[Info  - 6:40:55 PM] 
Failed to load the ESLint library for the document /home/ingmedical16/exercices/ChainSkills/binarySearchTree.js

To use ESLint please install eslint by running npm install eslint in the workspace folder exercices
or globally using 'npm install -g eslint'. You need to reopen the workspace after installing eslint.

If you are using yarn or pnpm instead of npm set the setting `eslint.packageManager` to either `yarn` or `pnpm`
Alternatively you can disable ESLint for the workspace folder exercices by executing the 'Disable ESLint' command.
[Info  - 9:39:55 PM] ESLint server stopped.
