02:21:14.32 loading global solium
02:21:14.39 loading global solc
02:21:16.41 onDidChangeConfiguration
02:21:16.41 validateAll
02:21:16.41 document opened: SeceneOuverte.sol
02:21:16.43 Skipping solium, .soliumrc.json not found
02:21:16.43 validating SeceneOuverte.sol, solium done in 0s
02:21:16.59 validating SeceneOuverte.sol, solc done in 0s
02:21:16.59 document changed: SeceneOuverte.sol
02:21:16.59 Skipping solium, .soliumrc.json not found
02:21:16.59 validating SeceneOuverte.sol, solium done in 0s
02:21:16.60 validating SeceneOuverte.sol, solc done in 0s
02:21:25.64 onDidChangeConfiguration
02:21:25.64 validateAll
02:21:25.64 Skipping solium, .soliumrc.json not found
02:21:25.64 validating SeceneOuverte.sol, solium done in 0s
02:21:25.66 validating SeceneOuverte.sol, solc done in 0s
02:21:32.12 onDidChangeConfiguration
02:21:32.12 validateAll
02:21:32.12 Skipping solium, .soliumrc.json not found
02:21:32.12 validating SeceneOuverte.sol, solium done in 0s
02:21:32.14 validating SeceneOuverte.sol, solc done in 0s
02:21:35.84 onDidChangeConfiguration
02:21:35.84 validateAll
02:21:35.84 Skipping solium, .soliumrc.json not found
02:21:35.84 validating SeceneOuverte.sol, solium done in 0s
02:21:35.89 validating SeceneOuverte.sol, solc done in 0s
02:21:47.30 onDidChangeConfiguration
02:21:47.30 validateAll
02:21:47.30 Skipping solium, .soliumrc.json not found
02:21:47.30 validating SeceneOuverte.sol, solium done in 0s
02:21:47.31 validating SeceneOuverte.sol, solc done in 0s
02:22:25.40 document changed: SeceneOuverte.sol
02:22:25.40 Skipping solium, .soliumrc.json not found
02:22:25.40 validating SeceneOuverte.sol, solium done in 0s
02:22:25.53 validating SeceneOuverte.sol, solc done in 0s
02:22:41.39 document changed: SeceneOuverte.sol
02:22:41.39 Skipping solium, .soliumrc.json not found
02:22:41.39 validating SeceneOuverte.sol, solium done in 0s
02:22:41.43 validating SeceneOuverte.sol, solc done in 0s
02:22:41.46 document saved: SeceneOuverte.sol
02:22:41.46 Skipping solium, .soliumrc.json not found
02:22:41.46 validating SeceneOuverte.sol, solium done in 0s
02:22:41.49 validating SeceneOuverte.sol, solc done in 0s
02:23:21.41 onDidChangeConfiguration
02:23:21.41 validateAll
02:23:21.41 Skipping solium, .soliumrc.json not found
02:23:21.41 validating SeceneOuverte.sol, solium done in 0s
02:23:21.44 validating SeceneOuverte.sol, solc done in 0s
02:23:21.57 document opened: SeceneOuverte.sol
02:23:21.57 Skipping solium, .soliumrc.json not found
02:23:21.57 validating SeceneOuverte.sol, solium done in 0s
02:23:21.63 validating SeceneOuverte.sol, solc done in 0s
02:23:21.63 document changed: SeceneOuverte.sol
02:23:21.63 Skipping solium, .soliumrc.json not found
02:23:21.63 validating SeceneOuverte.sol, solium done in 0s
02:23:21.67 validating SeceneOuverte.sol, solc done in 0s
02:25:07.64 document changed: SeceneOuverte.sol
02:25:07.64 Skipping solium, .soliumrc.json not found
02:25:07.64 validating SeceneOuverte.sol, solium done in 0s
02:25:07.67 validating SeceneOuverte.sol, solc done in 0s
02:25:12.80 document changed: SeceneOuverte.sol
02:25:12.80 Skipping solium, .soliumrc.json not found
02:25:12.80 validating SeceneOuverte.sol, solium done in 0s
02:25:12.82 validating SeceneOuverte.sol, solc done in 0s
02:25:16.19 document changed: SeceneOuverte.sol
02:25:16.19 Skipping solium, .soliumrc.json not found
02:25:16.19 validating SeceneOuverte.sol, solium done in 0s
02:25:16.25 validating SeceneOuverte.sol, solc done in 0s
02:25:36.43 document changed: SeceneOuverte.sol
02:25:36.44 Skipping solium, .soliumrc.json not found
02:25:36.44 validating SeceneOuverte.sol, solium done in 0s
02:25:36.46 validating SeceneOuverte.sol, solc done in 0s
02:25:37.26 document changed: SeceneOuverte.sol
02:25:37.26 Skipping solium, .soliumrc.json not found
02:25:37.26 validating SeceneOuverte.sol, solium done in 0s
02:25:39.59 validating SeceneOuverte.sol, solc done in 2s
02:25:44.12 document changed: SeceneOuverte.sol
02:25:44.12 Skipping solium, .soliumrc.json not found
02:25:44.12 validating SeceneOuverte.sol, solium done in 0s
02:25:44.48 validating SeceneOuverte.sol, solc done in 0s
02:25:45.44 document changed: SeceneOuverte.sol
02:25:45.44 Skipping solium, .soliumrc.json not found
02:25:45.44 validating SeceneOuverte.sol, solium done in 0s
02:25:45.46 validating SeceneOuverte.sol, solc done in 0s
02:25:46.91 document changed: SeceneOuverte.sol
02:25:46.91 Skipping solium, .soliumrc.json not found
02:25:46.91 validating SeceneOuverte.sol, solium done in 0s
02:25:47.16 validating SeceneOuverte.sol, solc done in 0s
02:25:47.41 document changed: SeceneOuverte.sol
02:25:47.41 Skipping solium, .soliumrc.json not found
02:25:47.41 validating SeceneOuverte.sol, solium done in 0s
02:25:47.43 validating SeceneOuverte.sol, solc done in 0s
02:26:08.25 document changed: SeceneOuverte.sol
02:26:08.25 Skipping solium, .soliumrc.json not found
02:26:08.25 validating SeceneOuverte.sol, solium done in 0s
02:26:08.27 validating SeceneOuverte.sol, solc done in 0s
02:26:25.58 document changed: SeceneOuverte.sol
02:26:25.58 Skipping solium, .soliumrc.json not found
02:26:25.58 validating SeceneOuverte.sol, solium done in 0s
02:26:25.60 validating SeceneOuverte.sol, solc done in 0s
02:26:30.42 document changed: SeceneOuverte.sol
02:26:30.42 Skipping solium, .soliumrc.json not found
02:26:30.42 validating SeceneOuverte.sol, solium done in 0s
02:26:30.44 validating SeceneOuverte.sol, solc done in 0s
02:26:31.89 document changed: SeceneOuverte.sol
02:26:31.90 Skipping solium, .soliumrc.json not found
02:26:31.90 validating SeceneOuverte.sol, solium done in 0s
02:26:32.05 validating SeceneOuverte.sol, solc done in 0s
02:26:32.28 document changed: SeceneOuverte.sol
02:26:32.28 Skipping solium, .soliumrc.json not found
02:26:32.28 validating SeceneOuverte.sol, solium done in 0s
02:26:32.30 validating SeceneOuverte.sol, solc done in 0s
02:26:35.37 document changed: SeceneOuverte.sol
02:26:35.37 Skipping solium, .soliumrc.json not found
02:26:35.37 validating SeceneOuverte.sol, solium done in 0s
02:26:35.38 validating SeceneOuverte.sol, solc done in 0s
02:26:52.87 document changed: SeceneOuverte.sol
02:26:52.87 Skipping solium, .soliumrc.json not found
02:26:52.87 validating SeceneOuverte.sol, solium done in 0s
02:26:52.88 validating SeceneOuverte.sol, solc done in 0s
02:26:52.89 document saved: SeceneOuverte.sol
02:26:52.89 Skipping solium, .soliumrc.json not found
02:26:52.89 validating SeceneOuverte.sol, solium done in 0s
02:26:52.90 validating SeceneOuverte.sol, solc done in 0s
02:27:16.51 document changed: SeceneOuverte.sol
02:27:16.52 Skipping solium, .soliumrc.json not found
02:27:16.52 validating SeceneOuverte.sol, solium done in 0s
02:27:16.53 validating SeceneOuverte.sol, solc done in 0s
02:27:17.08 document changed: SeceneOuverte.sol
02:27:17.08 Skipping solium, .soliumrc.json not found
02:27:17.08 validating SeceneOuverte.sol, solium done in 0s
02:27:17.11 validating SeceneOuverte.sol, solc done in 0s
02:27:18.21 document changed: SeceneOuverte.sol
02:27:18.21 Skipping solium, .soliumrc.json not found
02:27:18.21 validating SeceneOuverte.sol, solium done in 0s
02:27:18.23 validating SeceneOuverte.sol, solc done in 0s
02:27:18.85 document changed: SeceneOuverte.sol
02:27:18.85 Skipping solium, .soliumrc.json not found
02:27:18.85 validating SeceneOuverte.sol, solium done in 0s
02:27:18.87 validating SeceneOuverte.sol, solc done in 0s
02:27:24.35 document changed: SeceneOuverte.sol
02:27:24.35 Skipping solium, .soliumrc.json not found
02:27:24.35 validating SeceneOuverte.sol, solium done in 0s
02:27:24.37 validating SeceneOuverte.sol, solc done in 0s
02:27:24.96 document changed: SeceneOuverte.sol
02:27:24.96 Skipping solium, .soliumrc.json not found
02:27:24.97 validating SeceneOuverte.sol, solium done in 0s
02:27:24.98 validating SeceneOuverte.sol, solc done in 0s
02:27:26.22 document changed: SeceneOuverte.sol
02:27:26.22 Skipping solium, .soliumrc.json not found
02:27:26.22 validating SeceneOuverte.sol, solium done in 0s
02:27:26.24 validating SeceneOuverte.sol, solc done in 0s
02:27:35.68 document changed: SeceneOuverte.sol
02:27:35.69 Skipping solium, .soliumrc.json not found
02:27:35.69 validating SeceneOuverte.sol, solium done in 0s
02:27:35.70 validating SeceneOuverte.sol, solc done in 0s
02:27:37.26 document changed: SeceneOuverte.sol
02:27:37.26 Skipping solium, .soliumrc.json not found
02:27:37.26 validating SeceneOuverte.sol, solium done in 0s
02:27:37.27 validating SeceneOuverte.sol, solc done in 0s
02:27:45.34 document changed: SeceneOuverte.sol
02:27:45.34 Skipping solium, .soliumrc.json not found
02:27:45.34 validating SeceneOuverte.sol, solium done in 0s
02:27:45.35 validating SeceneOuverte.sol, solc done in 0s
02:27:48.85 document changed: SeceneOuverte.sol
02:27:48.85 Skipping solium, .soliumrc.json not found
02:27:48.85 validating SeceneOuverte.sol, solium done in 0s
02:27:48.86 validating SeceneOuverte.sol, solc done in 0s
02:27:53.27 document changed: SeceneOuverte.sol
02:27:53.27 Skipping solium, .soliumrc.json not found
02:27:53.27 validating SeceneOuverte.sol, solium done in 0s
02:27:53.28 validating SeceneOuverte.sol, solc done in 0s
02:27:54.18 document changed: SeceneOuverte.sol
02:27:54.18 Skipping solium, .soliumrc.json not found
02:27:54.18 validating SeceneOuverte.sol, solium done in 0s
02:27:54.19 validating SeceneOuverte.sol, solc done in 0s
02:28:00.13 document changed: SeceneOuverte.sol
02:28:00.13 Skipping solium, .soliumrc.json not found
02:28:00.13 validating SeceneOuverte.sol, solium done in 0s
02:28:00.14 validating SeceneOuverte.sol, solc done in 0s
02:28:07.02 document changed: SeceneOuverte.sol
02:28:07.02 Skipping solium, .soliumrc.json not found
02:28:07.02 validating SeceneOuverte.sol, solium done in 0s
02:28:07.03 validating SeceneOuverte.sol, solc done in 0s
02:28:07.45 document changed: SeceneOuverte.sol
02:28:07.45 Skipping solium, .soliumrc.json not found
02:28:07.45 validating SeceneOuverte.sol, solium done in 0s
02:28:07.47 validating SeceneOuverte.sol, solc done in 0s
02:28:55.20 document changed: SeceneOuverte.sol
02:28:55.20 Skipping solium, .soliumrc.json not found
02:28:55.20 validating SeceneOuverte.sol, solium done in 0s
02:28:55.22 validating SeceneOuverte.sol, solc done in 0s
02:28:55.80 document changed: SeceneOuverte.sol
02:28:55.80 Skipping solium, .soliumrc.json not found
02:28:55.80 validating SeceneOuverte.sol, solium done in 0s
02:28:55.81 validating SeceneOuverte.sol, solc done in 0s
02:28:56.27 document changed: SeceneOuverte.sol
02:28:56.27 Skipping solium, .soliumrc.json not found
02:28:56.27 validating SeceneOuverte.sol, solium done in 0s
02:28:56.28 validating SeceneOuverte.sol, solc done in 0s
02:28:56.77 document changed: SeceneOuverte.sol
02:28:56.77 Skipping solium, .soliumrc.json not found
02:28:56.77 validating SeceneOuverte.sol, solium done in 0s
02:28:56.78 validating SeceneOuverte.sol, solc done in 0s
02:29:28.65 document changed: SeceneOuverte.sol
02:29:28.65 Skipping solium, .soliumrc.json not found
02:29:28.65 validating SeceneOuverte.sol, solium done in 0s
02:29:28.66 validating SeceneOuverte.sol, solc done in 0s
02:29:46.68 document changed: SeceneOuverte.sol
02:29:46.68 Skipping solium, .soliumrc.json not found
02:29:46.68 validating SeceneOuverte.sol, solium done in 0s
02:29:46.69 validating SeceneOuverte.sol, solc done in 0s
02:29:47.20 document changed: SeceneOuverte.sol
02:29:47.20 Skipping solium, .soliumrc.json not found
02:29:47.20 validating SeceneOuverte.sol, solium done in 0s
02:29:47.21 validating SeceneOuverte.sol, solc done in 0s
02:29:47.75 document changed: SeceneOuverte.sol
02:29:47.76 Skipping solium, .soliumrc.json not found
02:29:47.76 validating SeceneOuverte.sol, solium done in 0s
02:29:47.77 validating SeceneOuverte.sol, solc done in 0s
02:29:48.42 document changed: SeceneOuverte.sol
02:29:48.42 Skipping solium, .soliumrc.json not found
02:29:48.42 validating SeceneOuverte.sol, solium done in 0s
02:29:48.43 validating SeceneOuverte.sol, solc done in 0s
02:29:53.49 document changed: SeceneOuverte.sol
02:29:53.49 Skipping solium, .soliumrc.json not found
02:29:53.49 validating SeceneOuverte.sol, solium done in 0s
02:29:53.51 validating SeceneOuverte.sol, solc done in 0s
02:29:58.48 document changed: SeceneOuverte.sol
02:29:58.48 Skipping solium, .soliumrc.json not found
02:29:58.48 validating SeceneOuverte.sol, solium done in 0s
02:29:58.50 validating SeceneOuverte.sol, solc done in 0s
02:30:13.61 document changed: SeceneOuverte.sol
02:30:13.61 Skipping solium, .soliumrc.json not found
02:30:13.61 validating SeceneOuverte.sol, solium done in 0s
02:30:13.62 validating SeceneOuverte.sol, solc done in 0s
02:30:39.77 document changed: SeceneOuverte.sol
02:30:39.77 Skipping solium, .soliumrc.json not found
02:30:39.77 validating SeceneOuverte.sol, solium done in 0s
02:30:39.78 validating SeceneOuverte.sol, solc done in 0s
02:30:40.20 document changed: SeceneOuverte.sol
02:30:40.20 Skipping solium, .soliumrc.json not found
02:30:40.20 validating SeceneOuverte.sol, solium done in 0s
02:30:40.21 validating SeceneOuverte.sol, solc done in 0s
02:30:40.69 document changed: SeceneOuverte.sol
02:30:40.70 Skipping solium, .soliumrc.json not found
02:30:40.70 validating SeceneOuverte.sol, solium done in 0s
02:30:40.71 validating SeceneOuverte.sol, solc done in 0s
02:30:41.27 document changed: SeceneOuverte.sol
02:30:41.27 Skipping solium, .soliumrc.json not found
02:30:41.27 validating SeceneOuverte.sol, solium done in 0s
02:30:41.28 validating SeceneOuverte.sol, solc done in 0s
02:30:52.12 document changed: SeceneOuverte.sol
02:30:52.13 Skipping solium, .soliumrc.json not found
02:30:52.13 validating SeceneOuverte.sol, solium done in 0s
02:30:52.14 validating SeceneOuverte.sol, solc done in 0s
02:31:26.73 document changed: SeceneOuverte.sol
02:31:26.73 Skipping solium, .soliumrc.json not found
02:31:26.73 validating SeceneOuverte.sol, solium done in 0s
02:31:26.74 validating SeceneOuverte.sol, solc done in 0s
02:31:42.21 document changed: SeceneOuverte.sol
02:31:42.21 Skipping solium, .soliumrc.json not found
02:31:42.21 validating SeceneOuverte.sol, solium done in 0s
02:31:42.23 validating SeceneOuverte.sol, solc done in 0s
02:31:51.36 document changed: SeceneOuverte.sol
02:31:51.36 Skipping solium, .soliumrc.json not found
02:31:51.36 validating SeceneOuverte.sol, solium done in 0s
02:31:51.37 validating SeceneOuverte.sol, solc done in 0s
02:32:07.87 document changed: SeceneOuverte.sol
02:32:07.87 Skipping solium, .soliumrc.json not found
02:32:07.87 validating SeceneOuverte.sol, solium done in 0s
02:32:07.89 validating SeceneOuverte.sol, solc done in 0s
02:32:16.33 document changed: SeceneOuverte.sol
02:32:16.33 Skipping solium, .soliumrc.json not found
02:32:16.33 validating SeceneOuverte.sol, solium done in 0s
02:32:16.35 validating SeceneOuverte.sol, solc done in 0s
02:32:36.95 document changed: SeceneOuverte.sol
02:32:36.95 Skipping solium, .soliumrc.json not found
02:32:36.95 validating SeceneOuverte.sol, solium done in 0s
02:32:36.96 validating SeceneOuverte.sol, solc done in 0s
02:32:47.70 document changed: SeceneOuverte.sol
02:32:47.70 Skipping solium, .soliumrc.json not found
02:32:47.70 validating SeceneOuverte.sol, solium done in 0s
02:32:47.72 validating SeceneOuverte.sol, solc done in 0s
02:32:56.02 document changed: SeceneOuverte.sol
02:32:56.03 Skipping solium, .soliumrc.json not found
02:32:56.03 validating SeceneOuverte.sol, solium done in 0s
02:32:56.04 validating SeceneOuverte.sol, solc done in 0s
02:33:20.49 document changed: SeceneOuverte.sol
02:33:20.49 Skipping solium, .soliumrc.json not found
02:33:20.49 validating SeceneOuverte.sol, solium done in 0s
02:33:20.50 validating SeceneOuverte.sol, solc done in 0s
02:33:39.63 document changed: SeceneOuverte.sol
02:33:39.63 Skipping solium, .soliumrc.json not found
02:33:39.63 validating SeceneOuverte.sol, solium done in 0s
02:33:39.64 validating SeceneOuverte.sol, solc done in 0s
02:33:48.78 document changed: SeceneOuverte.sol
02:33:48.78 Skipping solium, .soliumrc.json not found
02:33:48.78 validating SeceneOuverte.sol, solium done in 0s
02:33:48.80 validating SeceneOuverte.sol, solc done in 0s
02:34:06.44 document changed: SeceneOuverte.sol
02:34:06.44 Skipping solium, .soliumrc.json not found
02:34:06.44 validating SeceneOuverte.sol, solium done in 0s
02:34:06.45 validating SeceneOuverte.sol, solc done in 0s
02:34:14.10 document changed: SeceneOuverte.sol
02:34:14.11 Skipping solium, .soliumrc.json not found
02:34:14.11 validating SeceneOuverte.sol, solium done in 0s
02:34:14.12 validating SeceneOuverte.sol, solc done in 0s
02:34:23.49 document changed: SeceneOuverte.sol
02:34:23.49 Skipping solium, .soliumrc.json not found
02:34:23.49 validating SeceneOuverte.sol, solium done in 0s
02:34:23.50 validating SeceneOuverte.sol, solc done in 0s
02:34:56.09 document changed: SeceneOuverte.sol
02:34:56.09 Skipping solium, .soliumrc.json not found
02:34:56.09 validating SeceneOuverte.sol, solium done in 0s
02:34:56.11 validating SeceneOuverte.sol, solc done in 0s
02:34:57.55 document changed: SeceneOuverte.sol
02:34:57.55 Skipping solium, .soliumrc.json not found
02:34:57.55 validating SeceneOuverte.sol, solium done in 0s
02:34:57.56 validating SeceneOuverte.sol, solc done in 0s
02:35:01.43 document changed: SeceneOuverte.sol
02:35:01.43 Skipping solium, .soliumrc.json not found
02:35:01.43 validating SeceneOuverte.sol, solium done in 0s
02:35:01.44 validating SeceneOuverte.sol, solc done in 0s
02:35:15.92 document changed: SeceneOuverte.sol
02:35:15.93 Skipping solium, .soliumrc.json not found
02:35:15.93 validating SeceneOuverte.sol, solium done in 0s
02:35:15.93 validating SeceneOuverte.sol, solc done in 0s
02:35:50.38 document changed: SeceneOuverte.sol
02:35:50.38 Skipping solium, .soliumrc.json not found
02:35:50.38 validating SeceneOuverte.sol, solium done in 0s
02:35:50.40 validating SeceneOuverte.sol, solc done in 0s
02:35:50.40 document saved: SeceneOuverte.sol
02:35:50.40 Skipping solium, .soliumrc.json not found
02:35:50.40 validating SeceneOuverte.sol, solium done in 0s
02:35:50.41 validating SeceneOuverte.sol, solc done in 0s
02:36:24.74 document changed: SeceneOuverte.sol
02:36:24.74 Skipping solium, .soliumrc.json not found
02:36:24.74 validating SeceneOuverte.sol, solium done in 0s
02:36:24.75 validating SeceneOuverte.sol, solc done in 0s
02:36:24.75 document saved: SeceneOuverte.sol
02:36:24.75 Skipping solium, .soliumrc.json not found
02:36:24.75 validating SeceneOuverte.sol, solium done in 0s
02:36:24.76 validating SeceneOuverte.sol, solc done in 0s
