[2019-10-16 20:55:09.627] [exthost] [info] extension host started
[2019-10-16 20:55:09.690] [exthost] [info] ExtensionService#_doActivateExtension vscode.typescript-language-features {"startup":false,"extensionId":{"value":"vscode.typescript-language-features","_lower":"vscode.typescript-language-features"},"activationEvent":"onLanguage:javascript"}
[2019-10-16 20:55:09.691] [exthost] [info] ExtensionService#loadCommonJSModule file:///snap/code/18/usr/share/code/resources/app/extensions/typescript-language-features/dist/extension
[2019-10-16 20:55:09.767] [exthost] [info] ExtensionService#_doActivateExtension mgmcdermott.vscode-language-babel {"startup":false,"extensionId":{"value":"mgmcdermott.vscode-language-babel","_lower":"mgmcdermott.vscode-language-babel"},"activationEvent":"onLanguage:javascript"}
[2019-10-16 20:55:09.767] [exthost] [info] ExtensionService#loadCommonJSModule file:///home/ingmedical16/.vscode/extensions/mgmcdermott.vscode-language-babel-0.0.24/dist/extension
[2019-10-16 20:55:09.818] [exthost] [info] ExtensionService#_doActivateExtension VisualStudioExptTeam.vscodeintellicode {"startup":false,"extensionId":{"value":"VisualStudioExptTeam.vscodeintellicode","_lower":"visualstudioexptteam.vscodeintellicode"},"activationEvent":"onLanguage:javascript"}
[2019-10-16 20:55:09.818] [exthost] [info] ExtensionService#loadCommonJSModule file:///home/ingmedical16/.vscode/extensions/visualstudioexptteam.vscodeintellicode-1.1.9/dist/intellicode
[2019-10-16 20:55:10.004] [exthost] [info] ExtensionService#_doActivateExtension vscode.configuration-editing {"startup":false,"extensionId":{"value":"vscode.configuration-editing","_lower":"vscode.configuration-editing"},"activationEvent":"onLanguage:json"}
[2019-10-16 20:55:10.004] [exthost] [info] ExtensionService#loadCommonJSModule file:///snap/code/18/usr/share/code/resources/app/extensions/configuration-editing/dist/extension
[2019-10-16 20:55:10.050] [exthost] [info] ExtensionService#_doActivateExtension vscode.extension-editing {"startup":false,"extensionId":{"value":"vscode.extension-editing","_lower":"vscode.extension-editing"},"activationEvent":"onLanguage:json"}
[2019-10-16 20:55:10.051] [exthost] [info] ExtensionService#loadCommonJSModule file:///snap/code/18/usr/share/code/resources/app/extensions/extension-editing/dist/extension
[2019-10-16 20:55:10.092] [exthost] [info] ExtensionService#_doActivateExtension vscode.json-language-features {"startup":false,"extensionId":{"value":"vscode.json-language-features","_lower":"vscode.json-language-features"},"activationEvent":"onLanguage:json"}
[2019-10-16 20:55:10.093] [exthost] [info] ExtensionService#loadCommonJSModule file:///snap/code/18/usr/share/code/resources/app/extensions/json-language-features/client/dist/jsonMain
[2019-10-16 20:55:10.156] [exthost] [info] ExtensionService#_doActivateExtension vscode.npm {"startup":false,"extensionId":{"value":"vscode.npm","_lower":"vscode.npm"},"activationEvent":"onLanguage:json"}
[2019-10-16 20:55:10.156] [exthost] [info] ExtensionService#loadCommonJSModule file:///snap/code/18/usr/share/code/resources/app/extensions/npm/dist/main
[2019-10-16 20:55:10.179] [exthost] [info] ExtensionService#_doActivateExtension vscode.debug-auto-launch {"startup":true,"extensionId":{"value":"vscode.debug-auto-launch","_lower":"vscode.debug-auto-launch"},"activationEvent":"*"}
[2019-10-16 20:55:10.179] [exthost] [info] ExtensionService#loadCommonJSModule file:///snap/code/18/usr/share/code/resources/app/extensions/debug-auto-launch/dist/extension
[2019-10-16 20:55:10.201] [exthost] [info] ExtensionService#_doActivateExtension vscode.emmet {"startup":true,"extensionId":{"value":"vscode.emmet","_lower":"vscode.emmet"},"activationEvent":"*"}
[2019-10-16 20:55:10.201] [exthost] [info] ExtensionService#loadCommonJSModule file:///snap/code/18/usr/share/code/resources/app/extensions/emmet/dist/extension
[2019-10-16 20:55:10.285] [exthost] [info] ExtensionService#_doActivateExtension vscode.git {"startup":true,"extensionId":{"value":"vscode.git","_lower":"vscode.git"},"activationEvent":"*"}
[2019-10-16 20:55:10.285] [exthost] [info] ExtensionService#loadCommonJSModule file:///snap/code/18/usr/share/code/resources/app/extensions/git/dist/main
[2019-10-16 20:55:10.424] [exthost] [info] ExtensionService#_doActivateExtension vscode.merge-conflict {"startup":true,"extensionId":{"value":"vscode.merge-conflict","_lower":"vscode.merge-conflict"},"activationEvent":"*"}
[2019-10-16 20:55:10.424] [exthost] [info] ExtensionService#loadCommonJSModule file:///snap/code/18/usr/share/code/resources/app/extensions/merge-conflict/dist/extension
[2019-10-16 20:55:10.432] [exthost] [info] ExtensionService#_doActivateExtension alefragnani.project-manager {"startup":true,"extensionId":{"value":"alefragnani.project-manager","_lower":"alefragnani.project-manager"},"activationEvent":"*"}
[2019-10-16 20:55:10.432] [exthost] [info] ExtensionService#loadCommonJSModule file:///home/ingmedical16/.vscode/extensions/alefragnani.project-manager-10.8.0/dist/extension
[2019-10-16 20:55:10.458] [exthost] [info] ExtensionService#_doActivateExtension dbaeumer.vscode-eslint {"startup":true,"extensionId":{"value":"dbaeumer.vscode-eslint","_lower":"dbaeumer.vscode-eslint"},"activationEvent":"*"}
[2019-10-16 20:55:10.458] [exthost] [info] ExtensionService#loadCommonJSModule file:///home/ingmedical16/.vscode/extensions/dbaeumer.vscode-eslint-1.9.1/client/out/extension
[2019-10-16 20:55:10.518] [exthost] [info] ExtensionService#_doActivateExtension eamodio.gitlens {"startup":true,"extensionId":{"value":"eamodio.gitlens","_lower":"eamodio.gitlens"},"activationEvent":"*"}
[2019-10-16 20:55:10.518] [exthost] [info] ExtensionService#loadCommonJSModule file:///home/ingmedical16/.vscode/extensions/eamodio.gitlens-10.1.1/dist/extension
[2019-10-16 20:55:11.169] [exthost] [info] eager extensions activated
[2019-10-16 23:19:26.209] [exthost] [error] [vscode.typescript-language-features] provider FAILED
[2019-10-16 23:19:26.213] [exthost] [error] Error: <semantic> TypeScript Server Error (3.6.3)
Debug Failure.
Error: Debug Failure.
    at Object.assertDefined (tsserver.js:2101:24)
    at getRangeToExtract (tsserver.js:122874:43)
    at Object.getAvailableActions (tsserver.js:122838:28)
    at tsserver.js:115901:128
    at getIterator (tsserver.js:637:23)
    at Object.next (tsserver.js:632:35)
    at Object.arrayFrom (tsserver.js:1276:88)
    at Object.getApplicableRefactors (tsserver.js:115900:23)
    at Object.getApplicableRefactors (tsserver.js:126101:32)
    at IOSession.Session.getApplicableRefactors (tsserver.js:135013:53)
    at Session.handlers.ts.createMapFromTemplate._a.(anonymous function) (tsserver.js:133868:61)
    at tsserver.js:135256:88
    at IOSession.Session.executeWithRequestId (tsserver.js:135247:28)
    at IOSession.Session.executeCommand (tsserver.js:135256:33)
    at IOSession.Session.onMessage (tsserver.js:135279:35)
    at Interface.<anonymous> (tsserver.js:136594:27)
    at Interface.emit (events.js:182:13)
    at Interface._onLine (readline.js:290:10)
    at Interface._normalWrite (readline.js:433:12)
    at Socket.ondata (readline.js:149:10)
    at Socket.emit (events.js:182:13)
    at addChunk (_stream_readable.js:283:12)
    at readableAddChunk (_stream_readable.js:264:11)
    at Socket.Readable.push (_stream_readable.js:219:10)
    at Pipe.onStreamRead [as onread] (internal/stream_base_commons.js:94:17)
	at Function.create (/snap/code/18/usr/share/code/resources/app/extensions/typescript-language-features/dist/extension.js:53:63415)
	at h.dispatchResponse (/snap/code/18/usr/share/code/resources/app/extensions/typescript-language-features/dist/extension.js:53:56570)
	at h.dispatchMessage (/snap/code/18/usr/share/code/resources/app/extensions/typescript-language-features/dist/extension.js:53:55468)
	at _reader.onData.e (/snap/code/18/usr/share/code/resources/app/extensions/typescript-language-features/dist/extension.js:53:54944)
	at l.fire (/snap/code/18/usr/share/code/resources/app/out/vs/workbench/services/extensions/node/extensionHostProcess.js:50:519)
	at t.Reader.onLengthData (/snap/code/18/usr/share/code/resources/app/extensions/typescript-language-features/dist/extension.js:53:61635)
	at Socket.e.on.e (/snap/code/18/usr/share/code/resources/app/extensions/typescript-language-features/dist/extension.js:53:61283)
	at Socket.emit (events.js:182:13)
	at addChunk (_stream_readable.js:283:12)
	at readableAddChunk (_stream_readable.js:264:11)
	at Socket.Readable.push (_stream_readable.js:219:10)
	at Pipe.onStreamRead [as onread] (internal/stream_base_commons.js:94:17)
[2019-10-17 01:31:47.612] [exthost] [error] [vscode.typescript-language-features] provider FAILED
[2019-10-17 01:31:47.612] [exthost] [error] Error: <semantic> TypeScript Server Error (3.6.3)
Debug Failure.
Error: Debug Failure.
    at Object.assertDefined (tsserver.js:2101:24)
    at getRangeToExtract (tsserver.js:122874:43)
    at Object.getAvailableActions (tsserver.js:122838:28)
    at tsserver.js:115901:128
    at getIterator (tsserver.js:637:23)
    at Object.next (tsserver.js:632:35)
    at Object.arrayFrom (tsserver.js:1276:40)
    at Object.getApplicableRefactors (tsserver.js:115900:23)
    at Object.getApplicableRefactors (tsserver.js:126101:32)
    at IOSession.Session.getApplicableRefactors (tsserver.js:135013:53)
    at Session.handlers.ts.createMapFromTemplate._a.(anonymous function) (tsserver.js:133868:61)
    at tsserver.js:135256:88
    at IOSession.Session.executeWithRequestId (tsserver.js:135247:28)
    at IOSession.Session.executeCommand (tsserver.js:135256:33)
    at IOSession.Session.onMessage (tsserver.js:135279:35)
    at Interface.<anonymous> (tsserver.js:136594:27)
    at Interface.emit (events.js:182:13)
    at Interface._onLine (readline.js:290:10)
    at Interface._normalWrite (readline.js:433:12)
    at Socket.ondata (readline.js:149:10)
    at Socket.emit (events.js:182:13)
    at addChunk (_stream_readable.js:283:12)
    at readableAddChunk (_stream_readable.js:264:11)
    at Socket.Readable.push (_stream_readable.js:219:10)
    at Pipe.onStreamRead [as onread] (internal/stream_base_commons.js:94:17)
	at Function.create (/snap/code/18/usr/share/code/resources/app/extensions/typescript-language-features/dist/extension.js:53:63415)
	at h.dispatchResponse (/snap/code/18/usr/share/code/resources/app/extensions/typescript-language-features/dist/extension.js:53:56570)
	at h.dispatchMessage (/snap/code/18/usr/share/code/resources/app/extensions/typescript-language-features/dist/extension.js:53:55468)
	at _reader.onData.e (/snap/code/18/usr/share/code/resources/app/extensions/typescript-language-features/dist/extension.js:53:54944)
	at l.fire (/snap/code/18/usr/share/code/resources/app/out/vs/workbench/services/extensions/node/extensionHostProcess.js:50:519)
	at t.Reader.onLengthData (/snap/code/18/usr/share/code/resources/app/extensions/typescript-language-features/dist/extension.js:53:61635)
	at Socket.e.on.e (/snap/code/18/usr/share/code/resources/app/extensions/typescript-language-features/dist/extension.js:53:61283)
	at Socket.emit (events.js:182:13)
	at addChunk (_stream_readable.js:283:12)
	at readableAddChunk (_stream_readable.js:264:11)
	at Socket.Readable.push (_stream_readable.js:219:10)
	at Pipe.onStreamRead [as onread] (internal/stream_base_commons.js:94:17)
[2019-10-17 01:38:34.208] [exthost] [error] [vscode.typescript-language-features] provider FAILED
[2019-10-17 01:38:34.209] [exthost] [error] Error: <semantic> TypeScript Server Error (3.6.3)
Debug Failure.
Error: Debug Failure.
    at Object.assertDefined (tsserver.js:2101:24)
    at getRangeToExtract (tsserver.js:122874:43)
    at Object.getAvailableActions (tsserver.js:122838:28)
    at tsserver.js:115901:128
    at getIterator (tsserver.js:637:23)
    at Object.next (tsserver.js:632:35)
    at Object.arrayFrom (tsserver.js:1276:40)
    at Object.getApplicableRefactors (tsserver.js:115900:23)
    at Object.getApplicableRefactors (tsserver.js:126101:32)
    at IOSession.Session.getApplicableRefactors (tsserver.js:135013:53)
    at Session.handlers.ts.createMapFromTemplate._a.(anonymous function) (tsserver.js:133868:61)
    at tsserver.js:135256:88
    at IOSession.Session.executeWithRequestId (tsserver.js:135247:28)
    at IOSession.Session.executeCommand (tsserver.js:135256:33)
    at IOSession.Session.onMessage (tsserver.js:135279:35)
    at Interface.<anonymous> (tsserver.js:136594:27)
    at Interface.emit (events.js:182:13)
    at Interface._onLine (readline.js:290:10)
    at Interface._normalWrite (readline.js:433:12)
    at Socket.ondata (readline.js:149:10)
    at Socket.emit (events.js:182:13)
    at addChunk (_stream_readable.js:283:12)
    at readableAddChunk (_stream_readable.js:264:11)
    at Socket.Readable.push (_stream_readable.js:219:10)
    at Pipe.onStreamRead [as onread] (internal/stream_base_commons.js:94:17)
	at Function.create (/snap/code/18/usr/share/code/resources/app/extensions/typescript-language-features/dist/extension.js:53:63415)
	at h.dispatchResponse (/snap/code/18/usr/share/code/resources/app/extensions/typescript-language-features/dist/extension.js:53:56570)
	at h.dispatchMessage (/snap/code/18/usr/share/code/resources/app/extensions/typescript-language-features/dist/extension.js:53:55468)
	at _reader.onData.e (/snap/code/18/usr/share/code/resources/app/extensions/typescript-language-features/dist/extension.js:53:54944)
	at l.fire (/snap/code/18/usr/share/code/resources/app/out/vs/workbench/services/extensions/node/extensionHostProcess.js:50:519)
	at t.Reader.onLengthData (/snap/code/18/usr/share/code/resources/app/extensions/typescript-language-features/dist/extension.js:53:61635)
	at Socket.e.on.e (/snap/code/18/usr/share/code/resources/app/extensions/typescript-language-features/dist/extension.js:53:61283)
	at Socket.emit (events.js:182:13)
	at addChunk (_stream_readable.js:283:12)
	at readableAddChunk (_stream_readable.js:264:11)
	at Socket.Readable.push (_stream_readable.js:219:10)
	at Pipe.onStreamRead [as onread] (internal/stream_base_commons.js:94:17)
[2019-10-17 16:17:59.868] [exthost] [error] [vscode.typescript-language-features] provider FAILED
[2019-10-17 16:17:59.904] [exthost] [error] Error: <semantic> TypeScript Server Error (3.6.3)
Debug Failure.
Error: Debug Failure.
    at Object.assertDefined (tsserver.js:2101:24)
    at getRangeToExtract (tsserver.js:122874:43)
    at Object.getAvailableActions (tsserver.js:122838:28)
    at tsserver.js:115901:128
    at getIterator (tsserver.js:637:23)
    at Object.next (tsserver.js:632:35)
    at Object.arrayFrom (tsserver.js:1276:40)
    at Object.getApplicableRefactors (tsserver.js:115900:23)
    at Object.getApplicableRefactors (tsserver.js:126101:32)
    at IOSession.Session.getApplicableRefactors (tsserver.js:135013:53)
    at Session.handlers.ts.createMapFromTemplate._a.(anonymous function) (tsserver.js:133868:61)
    at tsserver.js:135256:88
    at IOSession.Session.executeWithRequestId (tsserver.js:135247:28)
    at IOSession.Session.executeCommand (tsserver.js:135256:33)
    at IOSession.Session.onMessage (tsserver.js:135279:35)
    at Interface.<anonymous> (tsserver.js:136594:27)
    at Interface.emit (events.js:182:13)
    at Interface._onLine (readline.js:290:10)
    at Interface._normalWrite (readline.js:433:12)
    at Socket.ondata (readline.js:149:10)
    at Socket.emit (events.js:182:13)
    at addChunk (_stream_readable.js:283:12)
    at readableAddChunk (_stream_readable.js:264:11)
    at Socket.Readable.push (_stream_readable.js:219:10)
    at Pipe.onStreamRead [as onread] (internal/stream_base_commons.js:94:17)
	at Function.create (/snap/code/18/usr/share/code/resources/app/extensions/typescript-language-features/dist/extension.js:53:63415)
	at h.dispatchResponse (/snap/code/18/usr/share/code/resources/app/extensions/typescript-language-features/dist/extension.js:53:56570)
	at h.dispatchMessage (/snap/code/18/usr/share/code/resources/app/extensions/typescript-language-features/dist/extension.js:53:55468)
	at _reader.onData.e (/snap/code/18/usr/share/code/resources/app/extensions/typescript-language-features/dist/extension.js:53:54944)
	at l.fire (/snap/code/18/usr/share/code/resources/app/out/vs/workbench/services/extensions/node/extensionHostProcess.js:50:519)
	at t.Reader.onLengthData (/snap/code/18/usr/share/code/resources/app/extensions/typescript-language-features/dist/extension.js:53:61635)
	at Socket.e.on.e (/snap/code/18/usr/share/code/resources/app/extensions/typescript-language-features/dist/extension.js:53:61283)
	at Socket.emit (events.js:182:13)
	at addChunk (_stream_readable.js:283:12)
	at readableAddChunk (_stream_readable.js:264:11)
	at Socket.Readable.push (_stream_readable.js:219:10)
	at Pipe.onStreamRead [as onread] (internal/stream_base_commons.js:94:17)
